{"/Users/morningstar/Documents/morningstar-credentials/src/components/ConnectionPanel.tsx": {"path":"/Users/morningstar/Documents/morningstar-credentials/src/components/ConnectionPanel.tsx","statementMap":{"0":{"start":{"line":12,"column":63},"end":{"line":153,"column":null}},"1":{"start":{"line":13,"column":15},"end":{"line":13,"column":null}},"2":{"start":{"line":14,"column":17},"end":{"line":14,"column":null}},"3":{"start":{"line":15,"column":36},"end":{"line":15,"column":null}},"4":{"start":{"line":16,"column":21},"end":{"line":16,"column":null}},"5":{"start":{"line":19,"column":8},"end":{"line":32,"column":null}},"6":{"start":{"line":35,"column":2},"end":{"line":47,"column":null}},"7":{"start":{"line":36,"column":4},"end":{"line":46,"column":null}},"8":{"start":{"line":37,"column":14},"end":{"line":37,"column":null}},"9":{"start":{"line":38,"column":20},"end":{"line":42,"column":null}},"10":{"start":{"line":39,"column":8},"end":{"line":39,"column":null}},"11":{"start":{"line":40,"column":8},"end":{"line":40,"column":null}},"12":{"start":{"line":41,"column":8},"end":{"line":41,"column":null}},"13":{"start":{"line":41,"column":35},"end":{"line":41,"column":null}},"14":{"start":{"line":43,"column":6},"end":{"line":43,"column":null}},"15":{"start":{"line":43,"column":19},"end":{"line":43,"column":null}},"16":{"start":{"line":45,"column":6},"end":{"line":45,"column":null}},"17":{"start":{"line":49,"column":2},"end":{"line":49,"column":null}},"18":{"start":{"line":49,"column":15},"end":{"line":49,"column":null}},"19":{"start":{"line":51,"column":24},"end":{"line":56,"column":null}},"20":{"start":{"line":53,"column":4},"end":{"line":53,"column":null}},"21":{"start":{"line":55,"column":4},"end":{"line":55,"column":null}},"22":{"start":{"line":58,"column":2},"end":{"line":151,"column":null}},"23":{"start":{"line":89,"column":29},"end":{"line":89,"column":null}},"24":{"start":{"line":108,"column":29},"end":{"line":108,"column":null}},"25":{"start":{"line":127,"column":29},"end":{"line":127,"column":null}}},"fnMap":{"0":{"name":"(anonymous_0)","decl":{"start":{"line":12,"column":63},"end":{"line":12,"column":64}},"loc":{"start":{"line":12,"column":88},"end":{"line":153,"column":null}},"line":12},"1":{"name":"(anonymous_1)","decl":{"start":{"line":35,"column":12},"end":{"line":35,"column":18}},"loc":{"start":{"line":35,"column":18},"end":{"line":47,"column":5}},"line":35},"2":{"name":"(anonymous_2)","decl":{"start":{"line":38,"column":32},"end":{"line":38,"column":38}},"loc":{"start":{"line":38,"column":38},"end":{"line":42,"column":9}},"line":38},"3":{"name":"(anonymous_3)","decl":{"start":{"line":43,"column":13},"end":{"line":43,"column":19}},"loc":{"start":{"line":43,"column":19},"end":{"line":43,"column":null}},"line":43},"4":{"name":"(anonymous_4)","decl":{"start":{"line":51,"column":24},"end":{"line":51,"column":36}},"loc":{"start":{"line":51,"column":36},"end":{"line":56,"column":null}},"line":51},"5":{"name":"(anonymous_5)","decl":{"start":{"line":89,"column":23},"end":{"line":89,"column":29}},"loc":{"start":{"line":89,"column":29},"end":{"line":89,"column":null}},"line":89},"6":{"name":"(anonymous_6)","decl":{"start":{"line":108,"column":23},"end":{"line":108,"column":29}},"loc":{"start":{"line":108,"column":29},"end":{"line":108,"column":null}},"line":108},"7":{"name":"(anonymous_7)","decl":{"start":{"line":127,"column":23},"end":{"line":127,"column":29}},"loc":{"start":{"line":127,"column":29},"end":{"line":127,"column":null}},"line":127}},"branchMap":{"0":{"loc":{"start":{"line":36,"column":4},"end":{"line":46,"column":null}},"type":"if","locations":[{"start":{"line":36,"column":4},"end":{"line":46,"column":null}},{"start":{"line":44,"column":11},"end":{"line":46,"column":null}}],"line":36},"1":{"loc":{"start":{"line":41,"column":8},"end":{"line":41,"column":null}},"type":"if","locations":[{"start":{"line":41,"column":8},"end":{"line":41,"column":null}},{"start":{},"end":{}}],"line":41},"2":{"loc":{"start":{"line":49,"column":2},"end":{"line":49,"column":null}},"type":"if","locations":[{"start":{"line":49,"column":2},"end":{"line":49,"column":null}},{"start":{},"end":{}}],"line":49}},"s":{"0":0,"1":0,"2":0,"3":0,"4":0,"5":0,"6":0,"7":0,"8":0,"9":0,"10":0,"11":0,"12":0,"13":0,"14":0,"15":0,"16":0,"17":0,"18":0,"19":0,"20":0,"21":0,"22":0,"23":0,"24":0,"25":0},"f":{"0":0,"1":0,"2":0,"3":0,"4":0,"5":0,"6":0,"7":0},"b":{"0":[0,0],"1":[0,0],"2":[0,0]},"meta":{"lastBranch":3,"lastFunction":8,"lastStatement":26,"seen":{"s:12:63:153:Infinity":0,"f:12:63:12:64":0,"s:13:15:13:Infinity":1,"s:14:17:14:Infinity":2,"s:15:36:15:Infinity":3,"s:16:21:16:Infinity":4,"s:19:8:32:Infinity":5,"s:35:2:47:Infinity":6,"f:35:12:35:18":1,"b:36:4:46:Infinity:44:11:46:Infinity":0,"s:36:4:46:Infinity":7,"s:37:14:37:Infinity":8,"s:38:20:42:Infinity":9,"f:38:32:38:38":2,"s:39:8:39:Infinity":10,"s:40:8:40:Infinity":11,"b:41:8:41:Infinity:undefined:undefined:undefined:undefined":1,"s:41:8:41:Infinity":12,"s:41:35:41:Infinity":13,"s:43:6:43:Infinity":14,"f:43:13:43:19":3,"s:43:19:43:Infinity":15,"s:45:6:45:Infinity":16,"b:49:2:49:Infinity:undefined:undefined:undefined:undefined":2,"s:49:2:49:Infinity":17,"s:49:15:49:Infinity":18,"s:51:24:56:Infinity":19,"f:51:24:51:36":4,"s:53:4:53:Infinity":20,"s:55:4:55:Infinity":21,"s:58:2:151:Infinity":22,"f:89:23:89:29":5,"s:89:29:89:Infinity":23,"f:108:23:108:29":6,"s:108:29:108:Infinity":24,"f:127:23:127:29":7,"s:127:29:127:Infinity":25}}}
,"/Users/morningstar/Documents/morningstar-credentials/src/components/ErrorBoundary.tsx": {"path":"/Users/morningstar/Documents/morningstar-credentials/src/components/ErrorBoundary.tsx","statementMap":{"0":{"start":{"line":27,"column":2},"end":{"line":29,"column":null}},"1":{"start":{"line":37,"column":2},"end":{"line":45,"column":null}},"2":{"start":{"line":38,"column":4},"end":{"line":41,"column":null}},"3":{"start":{"line":42,"column":4},"end":{"line":42,"column":null}},"4":{"start":{"line":43,"column":4},"end":{"line":43,"column":null}},"5":{"start":{"line":44,"column":4},"end":{"line":44,"column":null}},"6":{"start":{"line":48,"column":2},"end":{"line":50,"column":null}},"7":{"start":{"line":61,"column":5},"end":{"line":190,"column":null}},"8":{"start":{"line":62,"column":2},"end":{"line":188,"column":null}},"9":{"start":{"line":169,"column":14},"end":{"line":169,"column":null}},"10":{"start":{"line":180,"column":12},"end":{"line":184,"column":null}},"11":{"start":{"line":198,"column":4},"end":{"line":198,"column":null}},"12":{"start":{"line":224,"column":2},"end":{"line":230,"column":null}},"13":{"start":{"line":225,"column":4},"end":{"line":229,"column":null}},"14":{"start":{"line":199,"column":4},"end":{"line":203,"column":null}},"15":{"start":{"line":209,"column":4},"end":{"line":209,"column":null}},"16":{"start":{"line":213,"column":4},"end":{"line":213,"column":null}},"17":{"start":{"line":216,"column":4},"end":{"line":216,"column":null}},"18":{"start":{"line":219,"column":4},"end":{"line":219,"column":null}},"19":{"start":{"line":235,"column":43},"end":{"line":235,"column":null}},"20":{"start":{"line":236,"column":35},"end":{"line":236,"column":null}},"21":{"start":{"line":238,"column":4},"end":{"line":251,"column":null}},"22":{"start":{"line":240,"column":6},"end":{"line":242,"column":null}},"23":{"start":{"line":241,"column":8},"end":{"line":241,"column":null}},"24":{"start":{"line":244,"column":6},"end":{"line":249,"column":null}},"25":{"start":{"line":253,"column":4},"end":{"line":253,"column":null}},"26":{"start":{"line":281,"column":55},"end":{"line":291,"column":null}},"27":{"start":{"line":286,"column":2},"end":{"line":289,"column":null}}},"fnMap":{"0":{"name":"logError","decl":{"start":{"line":36,"column":9},"end":{"line":36,"column":18}},"loc":{"start":{"line":36,"column":60},"end":{"line":51,"column":null}},"line":36},"1":{"name":"(anonymous_1)","decl":{"start":{"line":61,"column":5},"end":{"line":61,"column":6}},"loc":{"start":{"line":61,"column":40},"end":{"line":190,"column":null}},"line":61},"2":{"name":"(anonymous_2)","decl":{"start":{"line":168,"column":21},"end":{"line":168,"column":27}},"loc":{"start":{"line":168,"column":27},"end":{"line":170,"column":null}},"line":168},"3":{"name":"(anonymous_3)","decl":{"start":{"line":179,"column":42},"end":{"line":179,"column":43}},"loc":{"start":{"line":180,"column":12},"end":{"line":184,"column":null}},"line":180},"4":{"name":"(anonymous_4)","decl":{"start":{"line":197,"column":2},"end":{"line":197,"column":14}},"loc":{"start":{"line":197,"column":41},"end":{"line":204,"column":null}},"line":197},"5":{"name":"(anonymous_5)","decl":{"start":{"line":224,"column":15},"end":{"line":224,"column":27}},"loc":{"start":{"line":224,"column":27},"end":{"line":230,"column":null}},"line":224},"6":{"name":"(anonymous_6)","decl":{"start":{"line":208,"column":9},"end":{"line":208,"column":34}},"loc":{"start":{"line":208,"column":77},"end":{"line":210,"column":null}},"line":208},"7":{"name":"(anonymous_7)","decl":{"start":{"line":212,"column":2},"end":{"line":212,"column":20}},"loc":{"start":{"line":212,"column":62},"end":{"line":220,"column":null}},"line":212},"8":{"name":"(anonymous_8)","decl":{"start":{"line":234,"column":2},"end":{"line":234,"column":22}},"loc":{"start":{"line":234,"column":22},"end":{"line":254,"column":null}},"line":234},"9":{"name":"(anonymous_9)","decl":{"start":{"line":281,"column":55},"end":{"line":281,"column":56}},"loc":{"start":{"line":285,"column":6},"end":{"line":291,"column":null}},"line":285}},"branchMap":{"0":{"loc":{"start":{"line":27,"column":2},"end":{"line":29,"column":null}},"type":"cond-expr","locations":[{"start":{"line":28,"column":6},"end":{"line":28,"column":null}},{"start":{"line":29,"column":6},"end":{"line":29,"column":null}}],"line":27},"1":{"loc":{"start":{"line":29,"column":6},"end":{"line":29,"column":null}},"type":"binary-expr","locations":[{"start":{"line":29,"column":6},"end":{"line":29,"column":31}},{"start":{"line":29,"column":31},"end":{"line":29,"column":null}}],"line":29},"2":{"loc":{"start":{"line":37,"column":2},"end":{"line":45,"column":null}},"type":"if","locations":[{"start":{"line":37,"column":2},"end":{"line":45,"column":null}},{"start":{},"end":{}}],"line":37},"3":{"loc":{"start":{"line":94,"column":11},"end":{"line":96,"column":null}},"type":"cond-expr","locations":[{"start":{"line":95,"column":14},"end":{"line":95,"column":null}},{"start":{"line":96,"column":14},"end":{"line":96,"column":null}}],"line":94},"4":{"loc":{"start":{"line":100,"column":9},"end":{"line":135,"column":null}},"type":"binary-expr","locations":[{"start":{"line":100,"column":9},"end":{"line":100,"column":null}},{"start":{"line":101,"column":10},"end":{"line":135,"column":null}}],"line":100},"5":{"loc":{"start":{"line":111,"column":13},"end":{"line":120,"column":null}},"type":"binary-expr","locations":[{"start":{"line":111,"column":13},"end":{"line":111,"column":null}},{"start":{"line":112,"column":14},"end":{"line":120,"column":null}}],"line":111},"6":{"loc":{"start":{"line":124,"column":13},"end":{"line":133,"column":null}},"type":"binary-expr","locations":[{"start":{"line":124,"column":13},"end":{"line":124,"column":null}},{"start":{"line":125,"column":14},"end":{"line":133,"column":null}}],"line":124},"7":{"loc":{"start":{"line":238,"column":4},"end":{"line":251,"column":null}},"type":"if","locations":[{"start":{"line":238,"column":4},"end":{"line":251,"column":null}},{"start":{},"end":{}}],"line":238},"8":{"loc":{"start":{"line":238,"column":8},"end":{"line":238,"column":27}},"type":"binary-expr","locations":[{"start":{"line":238,"column":8},"end":{"line":238,"column":20}},{"start":{"line":238,"column":20},"end":{"line":238,"column":27}}],"line":238},"9":{"loc":{"start":{"line":240,"column":6},"end":{"line":242,"column":null}},"type":"if","locations":[{"start":{"line":240,"column":6},"end":{"line":242,"column":null}},{"start":{},"end":{}}],"line":240}},"s":{"0":0,"1":0,"2":0,"3":0,"4":0,"5":0,"6":0,"7":0,"8":0,"9":0,"10":0,"11":0,"12":0,"13":0,"14":0,"15":0,"16":0,"17":0,"18":0,"19":0,"20":0,"21":0,"22":0,"23":0,"24":0,"25":0,"26":0,"27":0},"f":{"0":0,"1":0,"2":0,"3":0,"4":0,"5":0,"6":0,"7":0,"8":0,"9":0},"b":{"0":[0,0],"1":[0,0],"2":[0,0],"3":[0,0],"4":[0,0],"5":[0,0],"6":[0,0],"7":[0,0],"8":[0,0],"9":[0,0]},"meta":{"lastBranch":10,"lastFunction":10,"lastStatement":28,"seen":{"s:27:2:29:Infinity":0,"b:28:6:28:Infinity:29:6:29:Infinity":0,"b:29:6:29:31:29:31:29:Infinity":1,"f:36:9:36:18":0,"b:37:2:45:Infinity:undefined:undefined:undefined:undefined":2,"s:37:2:45:Infinity":1,"s:38:4:41:Infinity":2,"s:42:4:42:Infinity":3,"s:43:4:43:Infinity":4,"s:44:4:44:Infinity":5,"s:48:2:50:Infinity":6,"s:61:5:190:Infinity":7,"f:61:5:61:6":1,"s:62:2:188:Infinity":8,"b:95:14:95:Infinity:96:14:96:Infinity":3,"b:100:9:100:Infinity:101:10:135:Infinity":4,"b:111:13:111:Infinity:112:14:120:Infinity":5,"b:124:13:124:Infinity:125:14:133:Infinity":6,"f:168:21:168:27":2,"s:169:14:169:Infinity":9,"f:179:42:179:43":3,"s:180:12:184:Infinity":10,"f:197:2:197:14":4,"s:198:4:198:Infinity":11,"s:224:2:230:Infinity":12,"f:224:15:224:27":5,"s:225:4:229:Infinity":13,"s:199:4:203:Infinity":14,"f:208:9:208:34":6,"s:209:4:209:Infinity":15,"f:212:2:212:20":7,"s:213:4:213:Infinity":16,"s:216:4:216:Infinity":17,"s:219:4:219:Infinity":18,"f:234:2:234:22":8,"s:235:43:235:Infinity":19,"s:236:35:236:Infinity":20,"b:238:4:251:Infinity:undefined:undefined:undefined:undefined":7,"s:238:4:251:Infinity":21,"b:238:8:238:20:238:20:238:27":8,"b:240:6:242:Infinity:undefined:undefined:undefined:undefined":9,"s:240:6:242:Infinity":22,"s:241:8:241:Infinity":23,"s:244:6:249:Infinity":24,"s:253:4:253:Infinity":25,"s:281:55:291:Infinity":26,"f:281:55:281:56":9,"s:286:2:289:Infinity":27}}}
,"/Users/morningstar/Documents/morningstar-credentials/src/components/ExecuteNode.tsx": {"path":"/Users/morningstar/Documents/morningstar-credentials/src/components/ExecuteNode.tsx","statementMap":{"0":{"start":{"line":10,"column":55},"end":{"line":45,"column":null}},"1":{"start":{"line":11,"column":8},"end":{"line":24,"column":null}},"2":{"start":{"line":26,"column":2},"end":{"line":43,"column":null}}},"fnMap":{"0":{"name":"(anonymous_0)","decl":{"start":{"line":10,"column":55},"end":{"line":10,"column":56}},"loc":{"start":{"line":10,"column":82},"end":{"line":45,"column":null}},"line":10}},"branchMap":{},"s":{"0":0,"1":0,"2":0},"f":{"0":0},"b":{},"meta":{"lastBranch":0,"lastFunction":1,"lastStatement":3,"seen":{"s:10:55:45:Infinity":0,"f:10:55:10:56":0,"s:11:8:24:Infinity":1,"s:26:2:43:Infinity":2}}}
,"/Users/morningstar/Documents/morningstar-credentials/src/components/Layout.tsx": {"path":"/Users/morningstar/Documents/morningstar-credentials/src/components/Layout.tsx","statementMap":{"0":{"start":{"line":13,"column":32},"end":{"line":89,"column":null}},"1":{"start":{"line":14,"column":8},"end":{"line":14,"column":null}},"2":{"start":{"line":16,"column":2},"end":{"line":87,"column":null}},"3":{"start":{"line":53,"column":34},"end":{"line":53,"column":null}}},"fnMap":{"0":{"name":"(anonymous_0)","decl":{"start":{"line":13,"column":32},"end":{"line":13,"column":33}},"loc":{"start":{"line":13,"column":66},"end":{"line":89,"column":null}},"line":13},"1":{"name":"(anonymous_1)","decl":{"start":{"line":53,"column":28},"end":{"line":53,"column":34}},"loc":{"start":{"line":53,"column":34},"end":{"line":53,"column":null}},"line":53}},"branchMap":{"0":{"loc":{"start":{"line":31,"column":7},"end":{"line":78,"column":null}},"type":"binary-expr","locations":[{"start":{"line":31,"column":7},"end":{"line":31,"column":null}},{"start":{"line":32,"column":8},"end":{"line":78,"column":null}}],"line":31},"1":{"loc":{"start":{"line":51,"column":16},"end":{"line":58,"column":null}},"type":"binary-expr","locations":[{"start":{"line":51,"column":16},"end":{"line":51,"column":34}},{"start":{"line":51,"column":34},"end":{"line":51,"column":62}},{"start":{"line":51,"column":62},"end":{"line":51,"column":null}},{"start":{"line":52,"column":17},"end":{"line":58,"column":null}}],"line":51},"2":{"loc":{"start":{"line":62,"column":72},"end":{"line":62,"column":146}},"type":"cond-expr","locations":[{"start":{"line":62,"column":115},"end":{"line":62,"column":132}},{"start":{"line":62,"column":132},"end":{"line":62,"column":146}}],"line":62},"3":{"loc":{"start":{"line":62,"column":72},"end":{"line":62,"column":115}},"type":"binary-expr","locations":[{"start":{"line":62,"column":72},"end":{"line":62,"column":99}},{"start":{"line":62,"column":99},"end":{"line":62,"column":115}}],"line":62},"4":{"loc":{"start":{"line":69,"column":65},"end":{"line":69,"column":98}},"type":"binary-expr","locations":[{"start":{"line":69,"column":65},"end":{"line":69,"column":90}},{"start":{"line":69,"column":90},"end":{"line":69,"column":98}}],"line":69},"5":{"loc":{"start":{"line":70,"column":20},"end":{"line":70,"column":null}},"type":"binary-expr","locations":[{"start":{"line":70,"column":20},"end":{"line":70,"column":37}},{"start":{"line":70,"column":37},"end":{"line":70,"column":null}}],"line":70}},"s":{"0":0,"1":0,"2":0,"3":0},"f":{"0":0,"1":0},"b":{"0":[0,0],"1":[0,0,0,0],"2":[0,0],"3":[0,0],"4":[0,0],"5":[0,0]},"meta":{"lastBranch":6,"lastFunction":2,"lastStatement":4,"seen":{"s:13:32:89:Infinity":0,"f:13:32:13:33":0,"s:14:8:14:Infinity":1,"s:16:2:87:Infinity":2,"b:31:7:31:Infinity:32:8:78:Infinity":0,"b:51:16:51:34:51:34:51:62:51:62:51:Infinity:52:17:58:Infinity":1,"f:53:28:53:34":1,"s:53:34:53:Infinity":3,"b:62:115:62:132:62:132:62:146":2,"b:62:72:62:99:62:99:62:115":3,"b:69:65:69:90:69:90:69:98":4,"b:70:20:70:37:70:37:70:Infinity":5}}}
,"/Users/morningstar/Documents/morningstar-credentials/src/components/TurnstileWidget.tsx": {"path":"/Users/morningstar/Documents/morningstar-credentials/src/components/TurnstileWidget.tsx","statementMap":{"0":{"start":{"line":3,"column":28},"end":{"line":3,"column":null}},"1":{"start":{"line":4,"column":29},"end":{"line":4,"column":null}},"2":{"start":{"line":6,"column":49},"end":{"line":6,"column":null}},"3":{"start":{"line":9,"column":2},"end":{"line":11,"column":null}},"4":{"start":{"line":10,"column":4},"end":{"line":10,"column":null}},"5":{"start":{"line":13,"column":2},"end":{"line":15,"column":null}},"6":{"start":{"line":14,"column":4},"end":{"line":14,"column":null}},"7":{"start":{"line":17,"column":2},"end":{"line":19,"column":null}},"8":{"start":{"line":18,"column":4},"end":{"line":18,"column":null}},"9":{"start":{"line":21,"column":2},"end":{"line":42,"column":null}},"10":{"start":{"line":22,"column":21},"end":{"line":22,"column":null}},"11":{"start":{"line":23,"column":4},"end":{"line":27,"column":null}},"12":{"start":{"line":24,"column":6},"end":{"line":24,"column":null}},"13":{"start":{"line":24,"column":46},"end":{"line":24,"column":57}},"14":{"start":{"line":25,"column":6},"end":{"line":25,"column":null}},"15":{"start":{"line":25,"column":47},"end":{"line":25,"column":102}},"16":{"start":{"line":26,"column":6},"end":{"line":26,"column":null}},"17":{"start":{"line":29,"column":19},"end":{"line":29,"column":null}},"18":{"start":{"line":30,"column":4},"end":{"line":30,"column":null}},"19":{"start":{"line":31,"column":4},"end":{"line":31,"column":null}},"20":{"start":{"line":32,"column":4},"end":{"line":32,"column":null}},"21":{"start":{"line":33,"column":4},"end":{"line":33,"column":null}},"22":{"start":{"line":34,"column":4},"end":{"line":34,"column":null}},"23":{"start":{"line":34,"column":26},"end":{"line":34,"column":null}},"24":{"start":{"line":35,"column":4},"end":{"line":35,"column":null}},"25":{"start":{"line":35,"column":27},"end":{"line":35,"column":null}},"26":{"start":{"line":36,"column":4},"end":{"line":36,"column":null}},"27":{"start":{"line":39,"column":4},"end":{"line":41,"column":null}},"28":{"start":{"line":40,"column":6},"end":{"line":40,"column":null}},"29":{"start":{"line":44,"column":2},"end":{"line":44,"column":null}},"30":{"start":{"line":54,"column":63},"end":{"line":130,"column":null}},"31":{"start":{"line":60,"column":8},"end":{"line":60,"column":null}},"32":{"start":{"line":61,"column":8},"end":{"line":61,"column":null}},"33":{"start":{"line":62,"column":36},"end":{"line":62,"column":null}},"34":{"start":{"line":64,"column":2},"end":{"line":118,"column":null}},"35":{"start":{"line":65,"column":20},"end":{"line":65,"column":null}},"36":{"start":{"line":67,"column":4},"end":{"line":73,"column":null}},"37":{"start":{"line":68,"column":6},"end":{"line":68,"column":null}},"38":{"start":{"line":69,"column":6},"end":{"line":69,"column":null}},"39":{"start":{"line":70,"column":6},"end":{"line":72,"column":null}},"40":{"start":{"line":71,"column":8},"end":{"line":71,"column":null}},"41":{"start":{"line":75,"column":4},"end":{"line":104,"column":null}},"42":{"start":{"line":77,"column":8},"end":{"line":79,"column":null}},"43":{"start":{"line":78,"column":10},"end":{"line":78,"column":null}},"44":{"start":{"line":81,"column":8},"end":{"line":81,"column":null}},"45":{"start":{"line":82,"column":8},"end":{"line":82,"column":null}},"46":{"start":{"line":83,"column":8},"end":{"line":97,"column":null}},"47":{"start":{"line":88,"column":12},"end":{"line":88,"column":null}},"48":{"start":{"line":91,"column":12},"end":{"line":91,"column":null}},"49":{"start":{"line":94,"column":12},"end":{"line":94,"column":null}},"50":{"start":{"line":95,"column":12},"end":{"line":95,"column":null}},"51":{"start":{"line":100,"column":8},"end":{"line":100,"column":null}},"52":{"start":{"line":100,"column":23},"end":{"line":100,"column":null}},"53":{"start":{"line":101,"column":24},"end":{"line":101,"column":null}},"54":{"start":{"line":102,"column":8},"end":{"line":102,"column":null}},"55":{"start":{"line":103,"column":8},"end":{"line":103,"column":null}},"56":{"start":{"line":106,"column":4},"end":{"line":117,"column":null}},"57":{"start":{"line":107,"column":6},"end":{"line":107,"column":null}},"58":{"start":{"line":108,"column":6},"end":{"line":108,"column":null}},"59":{"start":{"line":109,"column":6},"end":{"line":115,"column":null}},"60":{"start":{"line":110,"column":8},"end":{"line":114,"column":null}},"61":{"start":{"line":111,"column":10},"end":{"line":111,"column":null}},"62":{"start":{"line":116,"column":6},"end":{"line":116,"column":null}},"63":{"start":{"line":120,"column":2},"end":{"line":128,"column":null}}},"fnMap":{"0":{"name":"ensureTurnstileLoaded","decl":{"start":{"line":8,"column":9},"end":{"line":8,"column":48}},"loc":{"start":{"line":8,"column":48},"end":{"line":45,"column":null}},"line":8},"1":{"name":"(anonymous_1)","decl":{"start":{"line":21,"column":43},"end":{"line":21,"column":44}},"loc":{"start":{"line":21,"column":64},"end":{"line":37,"column":3}},"line":21},"2":{"name":"(anonymous_2)","decl":{"start":{"line":24,"column":40},"end":{"line":24,"column":46}},"loc":{"start":{"line":24,"column":46},"end":{"line":24,"column":57}},"line":24},"3":{"name":"(anonymous_3)","decl":{"start":{"line":25,"column":41},"end":{"line":25,"column":47}},"loc":{"start":{"line":25,"column":47},"end":{"line":25,"column":102}},"line":25},"4":{"name":"(anonymous_4)","decl":{"start":{"line":34,"column":20},"end":{"line":34,"column":26}},"loc":{"start":{"line":34,"column":26},"end":{"line":34,"column":null}},"line":34},"5":{"name":"(anonymous_5)","decl":{"start":{"line":35,"column":21},"end":{"line":35,"column":27}},"loc":{"start":{"line":35,"column":27},"end":{"line":35,"column":null}},"line":35},"6":{"name":"(anonymous_6)","decl":{"start":{"line":37,"column":13},"end":{"line":37,"column":19}},"loc":{"start":{"line":37,"column":19},"end":{"line":42,"column":3}},"line":37},"7":{"name":"(anonymous_7)","decl":{"start":{"line":54,"column":63},"end":{"line":54,"column":64}},"loc":{"start":{"line":59,"column":6},"end":{"line":130,"column":null}},"line":59},"8":{"name":"(anonymous_8)","decl":{"start":{"line":64,"column":12},"end":{"line":64,"column":18}},"loc":{"start":{"line":64,"column":18},"end":{"line":118,"column":5}},"line":64},"9":{"name":"(anonymous_9)","decl":{"start":{"line":70,"column":13},"end":{"line":70,"column":19}},"loc":{"start":{"line":70,"column":19},"end":{"line":72,"column":null}},"line":70},"10":{"name":"(anonymous_10)","decl":{"start":{"line":76,"column":12},"end":{"line":76,"column":18}},"loc":{"start":{"line":76,"column":18},"end":{"line":98,"column":7}},"line":76},"11":{"name":"(anonymous_11)","decl":{"start":{"line":87,"column":20},"end":{"line":87,"column":21}},"loc":{"start":{"line":87,"column":39},"end":{"line":89,"column":null}},"line":87},"12":{"name":"(anonymous_12)","decl":{"start":{"line":90,"column":30},"end":{"line":90,"column":36}},"loc":{"start":{"line":90,"column":36},"end":{"line":92,"column":null}},"line":90},"13":{"name":"(anonymous_13)","decl":{"start":{"line":93,"column":28},"end":{"line":93,"column":34}},"loc":{"start":{"line":93,"column":34},"end":{"line":96,"column":null}},"line":93},"14":{"name":"(anonymous_14)","decl":{"start":{"line":99,"column":13},"end":{"line":99,"column":14}},"loc":{"start":{"line":99,"column":24},"end":{"line":104,"column":7}},"line":99},"15":{"name":"(anonymous_15)","decl":{"start":{"line":106,"column":11},"end":{"line":106,"column":17}},"loc":{"start":{"line":106,"column":17},"end":{"line":117,"column":null}},"line":106}},"branchMap":{"0":{"loc":{"start":{"line":9,"column":2},"end":{"line":11,"column":null}},"type":"if","locations":[{"start":{"line":9,"column":2},"end":{"line":11,"column":null}},{"start":{},"end":{}}],"line":9},"1":{"loc":{"start":{"line":13,"column":2},"end":{"line":15,"column":null}},"type":"if","locations":[{"start":{"line":13,"column":2},"end":{"line":15,"column":null}},{"start":{},"end":{}}],"line":13},"2":{"loc":{"start":{"line":13,"column":6},"end":{"line":13,"column":73}},"type":"binary-expr","locations":[{"start":{"line":13,"column":6},"end":{"line":13,"column":26}},{"start":{"line":13,"column":26},"end":{"line":13,"column":73}}],"line":13},"3":{"loc":{"start":{"line":17,"column":2},"end":{"line":19,"column":null}},"type":"if","locations":[{"start":{"line":17,"column":2},"end":{"line":19,"column":null}},{"start":{},"end":{}}],"line":17},"4":{"loc":{"start":{"line":23,"column":4},"end":{"line":27,"column":null}},"type":"if","locations":[{"start":{"line":23,"column":4},"end":{"line":27,"column":null}},{"start":{},"end":{}}],"line":23},"5":{"loc":{"start":{"line":39,"column":4},"end":{"line":41,"column":null}},"type":"if","locations":[{"start":{"line":39,"column":4},"end":{"line":41,"column":null}},{"start":{},"end":{}}],"line":39},"6":{"loc":{"start":{"line":57,"column":2},"end":{"line":57,"column":null}},"type":"default-arg","locations":[{"start":{"line":57,"column":10},"end":{"line":57,"column":null}}],"line":57},"7":{"loc":{"start":{"line":58,"column":2},"end":{"line":58,"column":null}},"type":"default-arg","locations":[{"start":{"line":58,"column":9},"end":{"line":58,"column":null}}],"line":58},"8":{"loc":{"start":{"line":67,"column":4},"end":{"line":73,"column":null}},"type":"if","locations":[{"start":{"line":67,"column":4},"end":{"line":73,"column":null}},{"start":{},"end":{}}],"line":67},"9":{"loc":{"start":{"line":77,"column":8},"end":{"line":79,"column":null}},"type":"if","locations":[{"start":{"line":77,"column":8},"end":{"line":79,"column":null}},{"start":{},"end":{}}],"line":77},"10":{"loc":{"start":{"line":77,"column":12},"end":{"line":77,"column":69}},"type":"binary-expr","locations":[{"start":{"line":77,"column":12},"end":{"line":77,"column":25}},{"start":{"line":77,"column":25},"end":{"line":77,"column":50}},{"start":{"line":77,"column":50},"end":{"line":77,"column":69}}],"line":77},"11":{"loc":{"start":{"line":100,"column":8},"end":{"line":100,"column":null}},"type":"if","locations":[{"start":{"line":100,"column":8},"end":{"line":100,"column":null}},{"start":{},"end":{}}],"line":100},"12":{"loc":{"start":{"line":101,"column":24},"end":{"line":101,"column":null}},"type":"cond-expr","locations":[{"start":{"line":101,"column":49},"end":{"line":101,"column":65}},{"start":{"line":101,"column":65},"end":{"line":101,"column":null}}],"line":101},"13":{"loc":{"start":{"line":109,"column":6},"end":{"line":115,"column":null}},"type":"if","locations":[{"start":{"line":109,"column":6},"end":{"line":115,"column":null}},{"start":{},"end":{}}],"line":109},"14":{"loc":{"start":{"line":109,"column":10},"end":{"line":109,"column":51}},"type":"binary-expr","locations":[{"start":{"line":109,"column":10},"end":{"line":109,"column":33}},{"start":{"line":109,"column":33},"end":{"line":109,"column":51}}],"line":109},"15":{"loc":{"start":{"line":123,"column":7},"end":{"line":126,"column":null}},"type":"binary-expr","locations":[{"start":{"line":123,"column":7},"end":{"line":123,"column":null}},{"start":{"line":124,"column":8},"end":{"line":126,"column":null}}],"line":123}},"s":{"0":0,"1":0,"2":0,"3":0,"4":0,"5":0,"6":0,"7":0,"8":0,"9":0,"10":0,"11":0,"12":0,"13":0,"14":0,"15":0,"16":0,"17":0,"18":0,"19":0,"20":0,"21":0,"22":0,"23":0,"24":0,"25":0,"26":0,"27":0,"28":0,"29":0,"30":0,"31":0,"32":0,"33":0,"34":0,"35":0,"36":0,"37":0,"38":0,"39":0,"40":0,"41":0,"42":0,"43":0,"44":0,"45":0,"46":0,"47":0,"48":0,"49":0,"50":0,"51":0,"52":0,"53":0,"54":0,"55":0,"56":0,"57":0,"58":0,"59":0,"60":0,"61":0,"62":0,"63":0},"f":{"0":0,"1":0,"2":0,"3":0,"4":0,"5":0,"6":0,"7":0,"8":0,"9":0,"10":0,"11":0,"12":0,"13":0,"14":0,"15":0},"b":{"0":[0,0],"1":[0,0],"2":[0,0],"3":[0,0],"4":[0,0],"5":[0,0],"6":[0],"7":[0],"8":[0,0],"9":[0,0],"10":[0,0,0],"11":[0,0],"12":[0,0],"13":[0,0],"14":[0,0],"15":[0,0]},"meta":{"lastBranch":16,"lastFunction":16,"lastStatement":64,"seen":{"s:3:28:3:Infinity":0,"s:4:29:4:Infinity":1,"s:6:49:6:Infinity":2,"f:8:9:8:48":0,"b:9:2:11:Infinity:undefined:undefined:undefined:undefined":0,"s:9:2:11:Infinity":3,"s:10:4:10:Infinity":4,"b:13:2:15:Infinity:undefined:undefined:undefined:undefined":1,"s:13:2:15:Infinity":5,"b:13:6:13:26:13:26:13:73":2,"s:14:4:14:Infinity":6,"b:17:2:19:Infinity:undefined:undefined:undefined:undefined":3,"s:17:2:19:Infinity":7,"s:18:4:18:Infinity":8,"s:21:2:42:Infinity":9,"f:21:43:21:44":1,"s:22:21:22:Infinity":10,"b:23:4:27:Infinity:undefined:undefined:undefined:undefined":4,"s:23:4:27:Infinity":11,"s:24:6:24:Infinity":12,"f:24:40:24:46":2,"s:24:46:24:57":13,"s:25:6:25:Infinity":14,"f:25:41:25:47":3,"s:25:47:25:102":15,"s:26:6:26:Infinity":16,"s:29:19:29:Infinity":17,"s:30:4:30:Infinity":18,"s:31:4:31:Infinity":19,"s:32:4:32:Infinity":20,"s:33:4:33:Infinity":21,"s:34:4:34:Infinity":22,"f:34:20:34:26":4,"s:34:26:34:Infinity":23,"s:35:4:35:Infinity":24,"f:35:21:35:27":5,"s:35:27:35:Infinity":25,"s:36:4:36:Infinity":26,"f:37:13:37:19":6,"b:39:4:41:Infinity:undefined:undefined:undefined:undefined":5,"s:39:4:41:Infinity":27,"s:40:6:40:Infinity":28,"s:44:2:44:Infinity":29,"s:54:63:130:Infinity":30,"f:54:63:54:64":7,"b:57:10:57:Infinity":6,"b:58:9:58:Infinity":7,"s:60:8:60:Infinity":31,"s:61:8:61:Infinity":32,"s:62:36:62:Infinity":33,"s:64:2:118:Infinity":34,"f:64:12:64:18":8,"s:65:20:65:Infinity":35,"b:67:4:73:Infinity:undefined:undefined:undefined:undefined":8,"s:67:4:73:Infinity":36,"s:68:6:68:Infinity":37,"s:69:6:69:Infinity":38,"s:70:6:72:Infinity":39,"f:70:13:70:19":9,"s:71:8:71:Infinity":40,"s:75:4:104:Infinity":41,"f:76:12:76:18":10,"b:77:8:79:Infinity:undefined:undefined:undefined:undefined":9,"s:77:8:79:Infinity":42,"b:77:12:77:25:77:25:77:50:77:50:77:69":10,"s:78:10:78:Infinity":43,"s:81:8:81:Infinity":44,"s:82:8:82:Infinity":45,"s:83:8:97:Infinity":46,"f:87:20:87:21":11,"s:88:12:88:Infinity":47,"f:90:30:90:36":12,"s:91:12:91:Infinity":48,"f:93:28:93:34":13,"s:94:12:94:Infinity":49,"s:95:12:95:Infinity":50,"f:99:13:99:14":14,"b:100:8:100:Infinity:undefined:undefined:undefined:undefined":11,"s:100:8:100:Infinity":51,"s:100:23:100:Infinity":52,"s:101:24:101:Infinity":53,"b:101:49:101:65:101:65:101:Infinity":12,"s:102:8:102:Infinity":54,"s:103:8:103:Infinity":55,"s:106:4:117:Infinity":56,"f:106:11:106:17":15,"s:107:6:107:Infinity":57,"s:108:6:108:Infinity":58,"b:109:6:115:Infinity:undefined:undefined:undefined:undefined":13,"s:109:6:115:Infinity":59,"b:109:10:109:33:109:33:109:51":14,"s:110:8:114:Infinity":60,"s:111:10:111:Infinity":61,"s:116:6:116:Infinity":62,"s:120:2:128:Infinity":63,"b:123:7:123:Infinity:124:8:126:Infinity":15}}}
,"/Users/morningstar/Documents/morningstar-credentials/src/components/UI.tsx": {"path":"/Users/morningstar/Documents/morningstar-credentials/src/components/UI.tsx","statementMap":{"0":{"start":{"line":9,"column":5},"end":{"line":16,"column":null}},"1":{"start":{"line":10,"column":22},"end":{"line":10,"column":null}},"2":{"start":{"line":11,"column":2},"end":{"line":14,"column":null}},"3":{"start":{"line":19,"column":0},"end":{"line":47,"column":null}},"4":{"start":{"line":21,"column":20},"end":{"line":21,"column":null}},"5":{"start":{"line":23,"column":19},"end":{"line":28,"column":null}},"6":{"start":{"line":30,"column":2},"end":{"line":45,"column":null}},"7":{"start":{"line":49,"column":121},"end":{"line":64,"column":null}},"8":{"start":{"line":50,"column":2},"end":{"line":64,"column":null}},"9":{"start":{"line":67,"column":51},"end":{"line":87,"column":null}},"10":{"start":{"line":68,"column":17},"end":{"line":78,"column":null}},"11":{"start":{"line":80,"column":15},"end":{"line":80,"column":null}},"12":{"start":{"line":82,"column":2},"end":{"line":85,"column":null}},"13":{"start":{"line":89,"column":115},"end":{"line":108,"column":null}},"14":{"start":{"line":90,"column":2},"end":{"line":90,"column":null}},"15":{"start":{"line":90,"column":15},"end":{"line":90,"column":null}},"16":{"start":{"line":91,"column":2},"end":{"line":106,"column":null}}},"fnMap":{"0":{"name":"(anonymous_0)","decl":{"start":{"line":9,"column":5},"end":{"line":9,"column":6}},"loc":{"start":{"line":9,"column":81},"end":{"line":16,"column":null}},"line":9},"1":{"name":"(anonymous_1)","decl":{"start":{"line":19,"column":0},"end":{"line":19,"column":1}},"loc":{"start":{"line":19,"column":76},"end":{"line":47,"column":null}},"line":19},"2":{"name":"(anonymous_2)","decl":{"start":{"line":49,"column":121},"end":{"line":49,"column":122}},"loc":{"start":{"line":50,"column":2},"end":{"line":64,"column":null}},"line":50},"3":{"name":"(anonymous_3)","decl":{"start":{"line":67,"column":51},"end":{"line":67,"column":52}},"loc":{"start":{"line":67,"column":67},"end":{"line":87,"column":null}},"line":67},"4":{"name":"(anonymous_4)","decl":{"start":{"line":89,"column":115},"end":{"line":89,"column":116}},"loc":{"start":{"line":89,"column":157},"end":{"line":108,"column":null}},"line":89}},"branchMap":{"0":{"loc":{"start":{"line":9,"column":18},"end":{"line":9,"column":38}},"type":"default-arg","locations":[{"start":{"line":9,"column":30},"end":{"line":9,"column":38}}],"line":9},"1":{"loc":{"start":{"line":9,"column":38},"end":{"line":9,"column":54}},"type":"default-arg","locations":[{"start":{"line":9,"column":50},"end":{"line":9,"column":54}}],"line":9},"2":{"loc":{"start":{"line":9,"column":54},"end":{"line":9,"column":75}},"type":"default-arg","locations":[{"start":{"line":9,"column":66},"end":{"line":9,"column":75}}],"line":9},"3":{"loc":{"start":{"line":10,"column":22},"end":{"line":10,"column":null}},"type":"cond-expr","locations":[{"start":{"line":10,"column":46},"end":{"line":10,"column":63}},{"start":{"line":10,"column":63},"end":{"line":10,"column":null}}],"line":10},"4":{"loc":{"start":{"line":10,"column":63},"end":{"line":10,"column":null}},"type":"cond-expr","locations":[{"start":{"line":10,"column":89},"end":{"line":10,"column":108}},{"start":{"line":10,"column":108},"end":{"line":10,"column":null}}],"line":10},"5":{"loc":{"start":{"line":19,"column":13},"end":{"line":19,"column":34}},"type":"default-arg","locations":[{"start":{"line":19,"column":23},"end":{"line":19,"column":34}}],"line":19},"6":{"loc":{"start":{"line":19,"column":45},"end":{"line":19,"column":61}},"type":"default-arg","locations":[{"start":{"line":19,"column":57},"end":{"line":19,"column":61}}],"line":19},"7":{"loc":{"start":{"line":33,"column":8},"end":{"line":34,"column":null}},"type":"binary-expr","locations":[{"start":{"line":33,"column":8},"end":{"line":33,"column":33}},{"start":{"line":33,"column":33},"end":{"line":33,"column":null}},{"start":{"line":34,"column":8},"end":{"line":34,"column":null}}],"line":33},"8":{"loc":{"start":{"line":42,"column":9},"end":{"line":42,"column":null}},"type":"binary-expr","locations":[{"start":{"line":42,"column":9},"end":{"line":42,"column":22}},{"start":{"line":42,"column":22},"end":{"line":42,"column":null}}],"line":42},"9":{"loc":{"start":{"line":49,"column":134},"end":{"line":49,"column":150}},"type":"default-arg","locations":[{"start":{"line":49,"column":146},"end":{"line":49,"column":150}}],"line":49},"10":{"loc":{"start":{"line":51,"column":6},"end":{"line":59,"column":null}},"type":"binary-expr","locations":[{"start":{"line":51,"column":6},"end":{"line":51,"column":15}},{"start":{"line":51,"column":15},"end":{"line":51,"column":null}},{"start":{"line":52,"column":6},"end":{"line":59,"column":null}}],"line":51},"11":{"loc":{"start":{"line":53,"column":9},"end":{"line":53,"column":null}},"type":"binary-expr","locations":[{"start":{"line":53,"column":9},"end":{"line":53,"column":17}},{"start":{"line":53,"column":17},"end":{"line":53,"column":null}}],"line":53},"12":{"loc":{"start":{"line":54,"column":9},"end":{"line":57,"column":null}},"type":"binary-expr","locations":[{"start":{"line":54,"column":9},"end":{"line":54,"column":null}},{"start":{"line":55,"column":12},"end":{"line":57,"column":null}}],"line":54},"13":{"loc":{"start":{"line":80,"column":15},"end":{"line":80,"column":null}},"type":"cond-expr","locations":[{"start":{"line":80,"column":49},"end":{"line":80,"column":95}},{"start":{"line":80,"column":95},"end":{"line":80,"column":null}}],"line":80},"14":{"loc":{"start":{"line":83,"column":90},"end":{"line":83,"column":151}},"type":"binary-expr","locations":[{"start":{"line":83,"column":90},"end":{"line":83,"column":105}},{"start":{"line":83,"column":105},"end":{"line":83,"column":151}}],"line":83},"15":{"loc":{"start":{"line":90,"column":2},"end":{"line":90,"column":null}},"type":"if","locations":[{"start":{"line":90,"column":2},"end":{"line":90,"column":null}},{"start":{},"end":{}}],"line":90}},"s":{"0":0,"1":0,"2":0,"3":0,"4":0,"5":0,"6":0,"7":0,"8":0,"9":0,"10":0,"11":0,"12":0,"13":0,"14":0,"15":0,"16":0},"f":{"0":0,"1":0,"2":0,"3":0,"4":0},"b":{"0":[0],"1":[0],"2":[0],"3":[0,0],"4":[0,0],"5":[0],"6":[0],"7":[0,0,0],"8":[0,0],"9":[0],"10":[0,0,0],"11":[0,0],"12":[0,0],"13":[0,0],"14":[0,0],"15":[0,0]},"meta":{"lastBranch":16,"lastFunction":5,"lastStatement":17,"seen":{"s:9:5:16:Infinity":0,"f:9:5:9:6":0,"b:9:30:9:38":0,"b:9:50:9:54":1,"b:9:66:9:75":2,"s:10:22:10:Infinity":1,"b:10:46:10:63:10:63:10:Infinity":3,"b:10:89:10:108:10:108:10:Infinity":4,"s:11:2:14:Infinity":2,"s:19:0:47:Infinity":3,"f:19:0:19:1":1,"b:19:23:19:34":5,"b:19:57:19:61":6,"s:21:20:21:Infinity":4,"s:23:19:28:Infinity":5,"s:30:2:45:Infinity":6,"b:33:8:33:33:33:33:33:Infinity:34:8:34:Infinity":7,"b:42:9:42:22:42:22:42:Infinity":8,"s:49:121:64:Infinity":7,"f:49:121:49:122":2,"s:50:2:64:Infinity":8,"b:49:146:49:150":9,"b:51:6:51:15:51:15:51:Infinity:52:6:59:Infinity":10,"b:53:9:53:17:53:17:53:Infinity":11,"b:54:9:54:Infinity:55:12:57:Infinity":12,"s:67:51:87:Infinity":9,"f:67:51:67:52":3,"s:68:17:78:Infinity":10,"s:80:15:80:Infinity":11,"b:80:49:80:95:80:95:80:Infinity":13,"s:82:2:85:Infinity":12,"b:83:90:83:105:83:105:83:151":14,"s:89:115:108:Infinity":13,"f:89:115:89:116":4,"b:90:2:90:Infinity:undefined:undefined:undefined:undefined":15,"s:90:2:90:Infinity":14,"s:90:15:90:Infinity":15,"s:91:2:106:Infinity":16}}}
,"/Users/morningstar/Documents/morningstar-credentials/src/services/authService.ts": {"path":"/Users/morningstar/Documents/morningstar-credentials/src/services/authService.ts","statementMap":{"0":{"start":{"line":72,"column":4},"end":{"line":72,"column":null}},"1":{"start":{"line":73,"column":4},"end":{"line":73,"column":null}},"2":{"start":{"line":74,"column":4},"end":{"line":74,"column":null}},"3":{"start":{"line":75,"column":4},"end":{"line":75,"column":null}},"4":{"start":{"line":79,"column":25},"end":{"line":79,"column":null}},"5":{"start":{"line":80,"column":26},"end":{"line":80,"column":null}},"6":{"start":{"line":81,"column":23},"end":{"line":81,"column":null}},"7":{"start":{"line":82,"column":19},"end":{"line":82,"column":null}},"8":{"start":{"line":85,"column":2},"end":{"line":89,"column":null}},"9":{"start":{"line":86,"column":4},"end":{"line":86,"column":null}},"10":{"start":{"line":88,"column":4},"end":{"line":88,"column":null}},"11":{"start":{"line":93,"column":2},"end":{"line":97,"column":null}},"12":{"start":{"line":94,"column":4},"end":{"line":94,"column":null}},"13":{"start":{"line":101,"column":2},"end":{"line":105,"column":null}},"14":{"start":{"line":102,"column":4},"end":{"line":102,"column":null}},"15":{"start":{"line":109,"column":2},"end":{"line":109,"column":null}},"16":{"start":{"line":113,"column":48},"end":{"line":113,"column":null}},"17":{"start":{"line":114,"column":2},"end":{"line":118,"column":null}},"18":{"start":{"line":115,"column":4},"end":{"line":115,"column":null}},"19":{"start":{"line":117,"column":4},"end":{"line":117,"column":null}},"20":{"start":{"line":120,"column":18},"end":{"line":120,"column":null}},"21":{"start":{"line":121,"column":15},"end":{"line":121,"column":null}},"22":{"start":{"line":122,"column":2},"end":{"line":122,"column":null}},"23":{"start":{"line":126,"column":2},"end":{"line":126,"column":null}},"24":{"start":{"line":129,"column":4},"end":{"line":129,"column":null}},"25":{"start":{"line":133,"column":4},"end":{"line":133,"column":null}},"26":{"start":{"line":137,"column":4},"end":{"line":137,"column":null}},"27":{"start":{"line":141,"column":4},"end":{"line":141,"column":null}},"28":{"start":{"line":142,"column":4},"end":{"line":142,"column":null}},"29":{"start":{"line":143,"column":4},"end":{"line":143,"column":null}},"30":{"start":{"line":144,"column":4},"end":{"line":144,"column":null}},"31":{"start":{"line":148,"column":4},"end":{"line":148,"column":null}},"32":{"start":{"line":149,"column":4},"end":{"line":149,"column":null}},"33":{"start":{"line":153,"column":4},"end":{"line":153,"column":null}},"34":{"start":{"line":154,"column":4},"end":{"line":156,"column":null}},"35":{"start":{"line":155,"column":6},"end":{"line":155,"column":null}},"36":{"start":{"line":160,"column":18},"end":{"line":160,"column":null}},"37":{"start":{"line":161,"column":21},"end":{"line":168,"column":null}},"38":{"start":{"line":170,"column":4},"end":{"line":172,"column":null}},"39":{"start":{"line":171,"column":6},"end":{"line":171,"column":null}},"40":{"start":{"line":174,"column":22},"end":{"line":174,"column":null}},"41":{"start":{"line":175,"column":4},"end":{"line":177,"column":null}},"42":{"start":{"line":176,"column":6},"end":{"line":176,"column":null}},"43":{"start":{"line":179,"column":23},"end":{"line":179,"column":null}},"44":{"start":{"line":180,"column":4},"end":{"line":187,"column":null}},"45":{"start":{"line":191,"column":21},"end":{"line":198,"column":null}},"46":{"start":{"line":200,"column":4},"end":{"line":202,"column":null}},"47":{"start":{"line":201,"column":6},"end":{"line":201,"column":null}},"48":{"start":{"line":204,"column":4},"end":{"line":204,"column":null}},"49":{"start":{"line":212,"column":21},"end":{"line":220,"column":null}},"50":{"start":{"line":222,"column":4},"end":{"line":224,"column":null}},"51":{"start":{"line":223,"column":6},"end":{"line":223,"column":null}},"52":{"start":{"line":226,"column":20},"end":{"line":226,"column":null}},"53":{"start":{"line":227,"column":4},"end":{"line":227,"column":null}},"54":{"start":{"line":228,"column":4},"end":{"line":228,"column":null}},"55":{"start":{"line":229,"column":4},"end":{"line":229,"column":null}},"56":{"start":{"line":237,"column":29},"end":{"line":237,"column":null}},"57":{"start":{"line":238,"column":27},"end":{"line":238,"column":null}},"58":{"start":{"line":239,"column":4},"end":{"line":244,"column":null}},"59":{"start":{"line":240,"column":23},"end":{"line":240,"column":null}},"60":{"start":{"line":241,"column":6},"end":{"line":243,"column":null}},"61":{"start":{"line":242,"column":8},"end":{"line":242,"column":null}},"62":{"start":{"line":246,"column":20},"end":{"line":246,"column":null}},"63":{"start":{"line":247,"column":22},"end":{"line":247,"column":null}},"64":{"start":{"line":248,"column":18},"end":{"line":248,"column":null}},"65":{"start":{"line":249,"column":4},"end":{"line":249,"column":null}},"66":{"start":{"line":253,"column":4},"end":{"line":255,"column":null}},"67":{"start":{"line":254,"column":6},"end":{"line":254,"column":null}},"68":{"start":{"line":257,"column":4},"end":{"line":287,"column":null}},"69":{"start":{"line":258,"column":27},"end":{"line":258,"column":null}},"70":{"start":{"line":259,"column":6},"end":{"line":262,"column":null}},"71":{"start":{"line":260,"column":8},"end":{"line":260,"column":null}},"72":{"start":{"line":261,"column":8},"end":{"line":261,"column":null}},"73":{"start":{"line":264,"column":6},"end":{"line":286,"column":null}},"74":{"start":{"line":265,"column":25},"end":{"line":269,"column":null}},"75":{"start":{"line":271,"column":8},"end":{"line":274,"column":null}},"76":{"start":{"line":272,"column":10},"end":{"line":272,"column":null}},"77":{"start":{"line":273,"column":10},"end":{"line":273,"column":null}},"78":{"start":{"line":276,"column":24},"end":{"line":276,"column":null}},"79":{"start":{"line":277,"column":8},"end":{"line":277,"column":null}},"80":{"start":{"line":278,"column":8},"end":{"line":278,"column":null}},"81":{"start":{"line":279,"column":8},"end":{"line":279,"column":null}},"82":{"start":{"line":281,"column":8},"end":{"line":281,"column":null}},"83":{"start":{"line":282,"column":8},"end":{"line":282,"column":null}},"84":{"start":{"line":283,"column":8},"end":{"line":283,"column":null}},"85":{"start":{"line":285,"column":8},"end":{"line":285,"column":null}},"86":{"start":{"line":289,"column":4},"end":{"line":289,"column":null}},"87":{"start":{"line":293,"column":4},"end":{"line":295,"column":null}},"88":{"start":{"line":294,"column":6},"end":{"line":294,"column":null}},"89":{"start":{"line":297,"column":21},"end":{"line":297,"column":null}},"90":{"start":{"line":298,"column":4},"end":{"line":301,"column":null}},"91":{"start":{"line":299,"column":6},"end":{"line":299,"column":null}},"92":{"start":{"line":300,"column":6},"end":{"line":300,"column":null}},"93":{"start":{"line":303,"column":4},"end":{"line":305,"column":null}},"94":{"start":{"line":304,"column":6},"end":{"line":304,"column":null}},"95":{"start":{"line":307,"column":21},"end":{"line":307,"column":null}},"96":{"start":{"line":308,"column":4},"end":{"line":308,"column":null}},"97":{"start":{"line":309,"column":4},"end":{"line":309,"column":null}},"98":{"start":{"line":316,"column":21},"end":{"line":322,"column":null}},"99":{"start":{"line":324,"column":4},"end":{"line":326,"column":null}},"100":{"start":{"line":325,"column":6},"end":{"line":325,"column":null}},"101":{"start":{"line":328,"column":4},"end":{"line":328,"column":null}},"102":{"start":{"line":335,"column":21},"end":{"line":341,"column":null}},"103":{"start":{"line":343,"column":4},"end":{"line":345,"column":null}},"104":{"start":{"line":344,"column":6},"end":{"line":344,"column":null}},"105":{"start":{"line":347,"column":20},"end":{"line":347,"column":null}},"106":{"start":{"line":348,"column":4},"end":{"line":348,"column":null}},"107":{"start":{"line":349,"column":4},"end":{"line":349,"column":null}},"108":{"start":{"line":350,"column":4},"end":{"line":350,"column":null}},"109":{"start":{"line":354,"column":21},"end":{"line":357,"column":null}},"110":{"start":{"line":359,"column":4},"end":{"line":361,"column":null}},"111":{"start":{"line":360,"column":6},"end":{"line":360,"column":null}},"112":{"start":{"line":363,"column":21},"end":{"line":363,"column":null}},"113":{"start":{"line":364,"column":4},"end":{"line":366,"column":null}},"114":{"start":{"line":365,"column":6},"end":{"line":365,"column":null}},"115":{"start":{"line":367,"column":4},"end":{"line":369,"column":null}},"116":{"start":{"line":368,"column":6},"end":{"line":368,"column":null}},"117":{"start":{"line":370,"column":4},"end":{"line":370,"column":null}},"118":{"start":{"line":374,"column":27},"end":{"line":374,"column":null}}},"fnMap":{"0":{"name":"(anonymous_0)","decl":{"start":{"line":71,"column":2},"end":{"line":71,"column":14}},"loc":{"start":{"line":71,"column":93},"end":{"line":76,"column":null}},"line":71},"1":{"name":"safeStorageGet","decl":{"start":{"line":84,"column":9},"end":{"line":84,"column":24}},"loc":{"start":{"line":84,"column":45},"end":{"line":90,"column":null}},"line":84},"2":{"name":"safeStorageSet","decl":{"start":{"line":92,"column":9},"end":{"line":92,"column":24}},"loc":{"start":{"line":92,"column":58},"end":{"line":98,"column":null}},"line":92},"3":{"name":"safeStorageRemove","decl":{"start":{"line":100,"column":9},"end":{"line":100,"column":27}},"loc":{"start":{"line":100,"column":46},"end":{"line":106,"column":null}},"line":100},"4":{"name":"normalizeWalletAddress","decl":{"start":{"line":108,"column":9},"end":{"line":108,"column":32}},"loc":{"start":{"line":108,"column":55},"end":{"line":110,"column":null}},"line":108},"5":{"name":"parseApiError","decl":{"start":{"line":112,"column":15},"end":{"line":112,"column":29}},"loc":{"start":{"line":112,"column":76},"end":{"line":123,"column":null}},"line":112},"6":{"name":"(anonymous_6)","decl":{"start":{"line":125,"column":0},"end":{"line":125,"column":6}},"loc":{"start":{"line":125,"column":0},"end":{"line":126,"column":null}},"line":125},"7":{"name":"(anonymous_7)","decl":{"start":{"line":128,"column":2},"end":{"line":128,"column":27}},"loc":{"start":{"line":128,"column":27},"end":{"line":130,"column":null}},"line":128},"8":{"name":"(anonymous_8)","decl":{"start":{"line":132,"column":2},"end":{"line":132,"column":28}},"loc":{"start":{"line":132,"column":28},"end":{"line":134,"column":null}},"line":132},"9":{"name":"(anonymous_9)","decl":{"start":{"line":136,"column":2},"end":{"line":136,"column":34}},"loc":{"start":{"line":136,"column":34},"end":{"line":138,"column":null}},"line":136},"10":{"name":"(anonymous_10)","decl":{"start":{"line":140,"column":2},"end":{"line":140,"column":23}},"loc":{"start":{"line":140,"column":23},"end":{"line":145,"column":null}},"line":140},"11":{"name":"(anonymous_11)","decl":{"start":{"line":147,"column":10},"end":{"line":147,"column":24}},"loc":{"start":{"line":147,"column":51},"end":{"line":150,"column":null}},"line":147},"12":{"name":"(anonymous_12)","decl":{"start":{"line":152,"column":10},"end":{"line":152,"column":33}},"loc":{"start":{"line":152,"column":67},"end":{"line":157,"column":null}},"line":152},"13":{"name":"(anonymous_13)","decl":{"start":{"line":159,"column":16},"end":{"line":159,"column":35}},"loc":{"start":{"line":159,"column":93},"end":{"line":188,"column":null}},"line":159},"14":{"name":"(anonymous_14)","decl":{"start":{"line":190,"column":8},"end":{"line":190,"column":21}},"loc":{"start":{"line":190,"column":98},"end":{"line":205,"column":null}},"line":190},"15":{"name":"(anonymous_15)","decl":{"start":{"line":207,"column":8},"end":{"line":207,"column":null}},"loc":{"start":{"line":211,"column":93},"end":{"line":230,"column":null}},"line":211},"16":{"name":"(anonymous_16)","decl":{"start":{"line":232,"column":8},"end":{"line":232,"column":null}},"loc":{"start":{"line":236,"column":32},"end":{"line":250,"column":null}},"line":236},"17":{"name":"(anonymous_17)","decl":{"start":{"line":252,"column":8},"end":{"line":252,"column":42}},"loc":{"start":{"line":252,"column":42},"end":{"line":290,"column":null}},"line":252},"18":{"name":"(anonymous_18)","decl":{"start":{"line":257,"column":28},"end":{"line":257,"column":40}},"loc":{"start":{"line":257,"column":40},"end":{"line":287,"column":7}},"line":257},"19":{"name":"(anonymous_19)","decl":{"start":{"line":292,"column":8},"end":{"line":292,"column":58}},"loc":{"start":{"line":292,"column":58},"end":{"line":310,"column":null}},"line":292},"20":{"name":"(anonymous_20)","decl":{"start":{"line":312,"column":8},"end":{"line":312,"column":null}},"loc":{"start":{"line":315,"column":40},"end":{"line":329,"column":null}},"line":315},"21":{"name":"(anonymous_21)","decl":{"start":{"line":331,"column":8},"end":{"line":331,"column":null}},"loc":{"start":{"line":334,"column":66},"end":{"line":351,"column":null}},"line":334},"22":{"name":"(anonymous_22)","decl":{"start":{"line":353,"column":8},"end":{"line":353,"column":20}},"loc":{"start":{"line":353,"column":69},"end":{"line":371,"column":null}},"line":353}},"branchMap":{"0":{"loc":{"start":{"line":71,"column":47},"end":{"line":71,"column":68}},"type":"default-arg","locations":[{"start":{"line":71,"column":54},"end":{"line":71,"column":68}}],"line":71},"1":{"loc":{"start":{"line":71,"column":68},"end":{"line":71,"column":93}},"type":"default-arg","locations":[{"start":{"line":71,"column":87},"end":{"line":71,"column":93}}],"line":71},"2":{"loc":{"start":{"line":86,"column":11},"end":{"line":86,"column":null}},"type":"binary-expr","locations":[{"start":{"line":86,"column":11},"end":{"line":86,"column":42}},{"start":{"line":86,"column":42},"end":{"line":86,"column":null}}],"line":86},"3":{"loc":{"start":{"line":109,"column":16},"end":{"line":109,"column":27}},"type":"binary-expr","locations":[{"start":{"line":109,"column":16},"end":{"line":109,"column":25}},{"start":{"line":109,"column":25},"end":{"line":109,"column":27}}],"line":109},"4":{"loc":{"start":{"line":120,"column":25},"end":{"line":120,"column":80}},"type":"binary-expr","locations":[{"start":{"line":120,"column":25},"end":{"line":120,"column":43}},{"start":{"line":120,"column":43},"end":{"line":120,"column":80}}],"line":120},"5":{"loc":{"start":{"line":121,"column":23},"end":{"line":121,"column":95}},"type":"binary-expr","locations":[{"start":{"line":121,"column":23},"end":{"line":121,"column":83}},{"start":{"line":121,"column":83},"end":{"line":121,"column":95}}],"line":121},"6":{"loc":{"start":{"line":122,"column":62},"end":{"line":122,"column":86}},"type":"binary-expr","locations":[{"start":{"line":122,"column":62},"end":{"line":122,"column":82}},{"start":{"line":122,"column":82},"end":{"line":122,"column":86}}],"line":122},"7":{"loc":{"start":{"line":154,"column":4},"end":{"line":156,"column":null}},"type":"if","locations":[{"start":{"line":154,"column":4},"end":{"line":156,"column":null}},{"start":{},"end":{}}],"line":154},"8":{"loc":{"start":{"line":159,"column":50},"end":{"line":159,"column":93}},"type":"default-arg","locations":[{"start":{"line":159,"column":70},"end":{"line":159,"column":93}}],"line":159},"9":{"loc":{"start":{"line":165,"column":12},"end":{"line":165,"column":null}},"type":"binary-expr","locations":[{"start":{"line":165,"column":12},"end":{"line":165,"column":28}},{"start":{"line":165,"column":28},"end":{"line":165,"column":null}}],"line":165},"10":{"loc":{"start":{"line":166,"column":12},"end":{"line":166,"column":null}},"type":"cond-expr","locations":[{"start":{"line":166,"column":20},"end":{"line":166,"column":59}},{"start":{"line":166,"column":59},"end":{"line":166,"column":null}}],"line":166},"11":{"loc":{"start":{"line":170,"column":4},"end":{"line":172,"column":null}},"type":"if","locations":[{"start":{"line":170,"column":4},"end":{"line":172,"column":null}},{"start":{},"end":{}}],"line":170},"12":{"loc":{"start":{"line":175,"column":4},"end":{"line":177,"column":null}},"type":"if","locations":[{"start":{"line":175,"column":4},"end":{"line":177,"column":null}},{"start":{},"end":{}}],"line":175},"13":{"loc":{"start":{"line":184,"column":12},"end":{"line":184,"column":null}},"type":"binary-expr","locations":[{"start":{"line":184,"column":12},"end":{"line":184,"column":28}},{"start":{"line":184,"column":28},"end":{"line":184,"column":null}}],"line":184},"14":{"loc":{"start":{"line":185,"column":12},"end":{"line":185,"column":null}},"type":"cond-expr","locations":[{"start":{"line":185,"column":25},"end":{"line":185,"column":69}},{"start":{"line":185,"column":69},"end":{"line":185,"column":null}}],"line":185},"15":{"loc":{"start":{"line":196,"column":12},"end":{"line":196,"column":null}},"type":"cond-expr","locations":[{"start":{"line":196,"column":27},"end":{"line":196,"column":46}},{"start":{"line":196,"column":46},"end":{"line":196,"column":null}}],"line":196},"16":{"loc":{"start":{"line":200,"column":4},"end":{"line":202,"column":null}},"type":"if","locations":[{"start":{"line":200,"column":4},"end":{"line":202,"column":null}},{"start":{},"end":{}}],"line":200},"17":{"loc":{"start":{"line":222,"column":4},"end":{"line":224,"column":null}},"type":"if","locations":[{"start":{"line":222,"column":4},"end":{"line":224,"column":null}},{"start":{},"end":{}}],"line":222},"18":{"loc":{"start":{"line":239,"column":4},"end":{"line":244,"column":null}},"type":"if","locations":[{"start":{"line":239,"column":4},"end":{"line":244,"column":null}},{"start":{},"end":{}}],"line":239},"19":{"loc":{"start":{"line":239,"column":8},"end":{"line":239,"column":63}},"type":"binary-expr","locations":[{"start":{"line":239,"column":8},"end":{"line":239,"column":26}},{"start":{"line":239,"column":26},"end":{"line":239,"column":63}}],"line":239},"20":{"loc":{"start":{"line":241,"column":6},"end":{"line":243,"column":null}},"type":"if","locations":[{"start":{"line":241,"column":6},"end":{"line":243,"column":null}},{"start":{},"end":{}}],"line":241},"21":{"loc":{"start":{"line":253,"column":4},"end":{"line":255,"column":null}},"type":"if","locations":[{"start":{"line":253,"column":4},"end":{"line":255,"column":null}},{"start":{},"end":{}}],"line":253},"22":{"loc":{"start":{"line":259,"column":6},"end":{"line":262,"column":null}},"type":"if","locations":[{"start":{"line":259,"column":6},"end":{"line":262,"column":null}},{"start":{},"end":{}}],"line":259},"23":{"loc":{"start":{"line":271,"column":8},"end":{"line":274,"column":null}},"type":"if","locations":[{"start":{"line":271,"column":8},"end":{"line":274,"column":null}},{"start":{},"end":{}}],"line":271},"24":{"loc":{"start":{"line":293,"column":4},"end":{"line":295,"column":null}},"type":"if","locations":[{"start":{"line":293,"column":4},"end":{"line":295,"column":null}},{"start":{},"end":{}}],"line":293},"25":{"loc":{"start":{"line":298,"column":4},"end":{"line":301,"column":null}},"type":"if","locations":[{"start":{"line":298,"column":4},"end":{"line":301,"column":null}},{"start":{},"end":{}}],"line":298},"26":{"loc":{"start":{"line":303,"column":4},"end":{"line":305,"column":null}},"type":"if","locations":[{"start":{"line":303,"column":4},"end":{"line":305,"column":null}},{"start":{},"end":{}}],"line":303},"27":{"loc":{"start":{"line":320,"column":12},"end":{"line":320,"column":null}},"type":"cond-expr","locations":[{"start":{"line":320,"column":27},"end":{"line":320,"column":46}},{"start":{"line":320,"column":46},"end":{"line":320,"column":null}}],"line":320},"28":{"loc":{"start":{"line":324,"column":4},"end":{"line":326,"column":null}},"type":"if","locations":[{"start":{"line":324,"column":4},"end":{"line":326,"column":null}},{"start":{},"end":{}}],"line":324},"29":{"loc":{"start":{"line":343,"column":4},"end":{"line":345,"column":null}},"type":"if","locations":[{"start":{"line":343,"column":4},"end":{"line":345,"column":null}},{"start":{},"end":{}}],"line":343},"30":{"loc":{"start":{"line":359,"column":4},"end":{"line":361,"column":null}},"type":"if","locations":[{"start":{"line":359,"column":4},"end":{"line":361,"column":null}},{"start":{},"end":{}}],"line":359},"31":{"loc":{"start":{"line":364,"column":4},"end":{"line":366,"column":null}},"type":"if","locations":[{"start":{"line":364,"column":4},"end":{"line":366,"column":null}},{"start":{},"end":{}}],"line":364},"32":{"loc":{"start":{"line":367,"column":4},"end":{"line":369,"column":null}},"type":"if","locations":[{"start":{"line":367,"column":4},"end":{"line":369,"column":null}},{"start":{},"end":{}}],"line":367}},"s":{"0":0,"1":0,"2":0,"3":0,"4":0,"5":0,"6":0,"7":0,"8":0,"9":0,"10":0,"11":0,"12":0,"13":0,"14":0,"15":0,"16":0,"17":0,"18":0,"19":0,"20":0,"21":0,"22":0,"23":0,"24":0,"25":0,"26":0,"27":0,"28":0,"29":0,"30":0,"31":0,"32":0,"33":0,"34":0,"35":0,"36":0,"37":0,"38":0,"39":0,"40":0,"41":0,"42":0,"43":0,"44":0,"45":0,"46":0,"47":0,"48":0,"49":0,"50":0,"51":0,"52":0,"53":0,"54":0,"55":0,"56":0,"57":0,"58":0,"59":0,"60":0,"61":0,"62":0,"63":0,"64":0,"65":0,"66":0,"67":0,"68":0,"69":0,"70":0,"71":0,"72":0,"73":0,"74":0,"75":0,"76":0,"77":0,"78":0,"79":0,"80":0,"81":0,"82":0,"83":0,"84":0,"85":0,"86":0,"87":0,"88":0,"89":0,"90":0,"91":0,"92":0,"93":0,"94":0,"95":0,"96":0,"97":0,"98":0,"99":0,"100":0,"101":0,"102":0,"103":0,"104":0,"105":0,"106":0,"107":0,"108":0,"109":0,"110":0,"111":0,"112":0,"113":0,"114":0,"115":0,"116":0,"117":0,"118":0},"f":{"0":0,"1":0,"2":0,"3":0,"4":0,"5":0,"6":0,"7":0,"8":0,"9":0,"10":0,"11":0,"12":0,"13":0,"14":0,"15":0,"16":0,"17":0,"18":0,"19":0,"20":0,"21":0,"22":0},"b":{"0":[0],"1":[0],"2":[0,0],"3":[0,0],"4":[0,0],"5":[0,0],"6":[0,0],"7":[0,0],"8":[0],"9":[0,0],"10":[0,0],"11":[0,0],"12":[0,0],"13":[0,0],"14":[0,0],"15":[0,0],"16":[0,0],"17":[0,0],"18":[0,0],"19":[0,0],"20":[0,0],"21":[0,0],"22":[0,0],"23":[0,0],"24":[0,0],"25":[0,0],"26":[0,0],"27":[0,0],"28":[0,0],"29":[0,0],"30":[0,0],"31":[0,0],"32":[0,0]},"meta":{"lastBranch":33,"lastFunction":23,"lastStatement":119,"seen":{"f:71:2:71:14":0,"b:71:54:71:68":0,"b:71:87:71:93":1,"s:72:4:72:Infinity":0,"s:73:4:73:Infinity":1,"s:74:4:74:Infinity":2,"s:75:4:75:Infinity":3,"s:79:25:79:Infinity":4,"s:80:26:80:Infinity":5,"s:81:23:81:Infinity":6,"s:82:19:82:Infinity":7,"f:84:9:84:24":1,"s:85:2:89:Infinity":8,"s:86:4:86:Infinity":9,"b:86:11:86:42:86:42:86:Infinity":2,"s:88:4:88:Infinity":10,"f:92:9:92:24":2,"s:93:2:97:Infinity":11,"s:94:4:94:Infinity":12,"f:100:9:100:27":3,"s:101:2:105:Infinity":13,"s:102:4:102:Infinity":14,"f:108:9:108:32":4,"s:109:2:109:Infinity":15,"b:109:16:109:25:109:25:109:27":3,"f:112:15:112:29":5,"s:113:48:113:Infinity":16,"s:114:2:118:Infinity":17,"s:115:4:115:Infinity":18,"s:117:4:117:Infinity":19,"s:120:18:120:Infinity":20,"b:120:25:120:43:120:43:120:80":4,"s:121:15:121:Infinity":21,"b:121:23:121:83:121:83:121:95":5,"s:122:2:122:Infinity":22,"b:122:62:122:82:122:82:122:86":6,"f:125:0:125:6":6,"s:126:2:126:Infinity":23,"f:128:2:128:27":7,"s:129:4:129:Infinity":24,"f:132:2:132:28":8,"s:133:4:133:Infinity":25,"f:136:2:136:34":9,"s:137:4:137:Infinity":26,"f:140:2:140:23":10,"s:141:4:141:Infinity":27,"s:142:4:142:Infinity":28,"s:143:4:143:Infinity":29,"s:144:4:144:Infinity":30,"f:147:10:147:24":11,"s:148:4:148:Infinity":31,"s:149:4:149:Infinity":32,"f:152:10:152:33":12,"s:153:4:153:Infinity":33,"b:154:4:156:Infinity:undefined:undefined:undefined:undefined":7,"s:154:4:156:Infinity":34,"s:155:6:155:Infinity":35,"f:159:16:159:35":13,"b:159:70:159:93":8,"s:160:18:160:Infinity":36,"s:161:21:168:Infinity":37,"b:165:12:165:28:165:28:165:Infinity":9,"b:166:20:166:59:166:59:166:Infinity":10,"b:170:4:172:Infinity:undefined:undefined:undefined:undefined":11,"s:170:4:172:Infinity":38,"s:171:6:171:Infinity":39,"s:174:22:174:Infinity":40,"b:175:4:177:Infinity:undefined:undefined:undefined:undefined":12,"s:175:4:177:Infinity":41,"s:176:6:176:Infinity":42,"s:179:23:179:Infinity":43,"s:180:4:187:Infinity":44,"b:184:12:184:28:184:28:184:Infinity":13,"b:185:25:185:69:185:69:185:Infinity":14,"f:190:8:190:21":14,"s:191:21:198:Infinity":45,"b:196:27:196:46:196:46:196:Infinity":15,"b:200:4:202:Infinity:undefined:undefined:undefined:undefined":16,"s:200:4:202:Infinity":46,"s:201:6:201:Infinity":47,"s:204:4:204:Infinity":48,"f:207:8:207:Infinity":15,"s:212:21:220:Infinity":49,"b:222:4:224:Infinity:undefined:undefined:undefined:undefined":17,"s:222:4:224:Infinity":50,"s:223:6:223:Infinity":51,"s:226:20:226:Infinity":52,"s:227:4:227:Infinity":53,"s:228:4:228:Infinity":54,"s:229:4:229:Infinity":55,"f:232:8:232:Infinity":16,"s:237:29:237:Infinity":56,"s:238:27:238:Infinity":57,"b:239:4:244:Infinity:undefined:undefined:undefined:undefined":18,"s:239:4:244:Infinity":58,"b:239:8:239:26:239:26:239:63":19,"s:240:23:240:Infinity":59,"b:241:6:243:Infinity:undefined:undefined:undefined:undefined":20,"s:241:6:243:Infinity":60,"s:242:8:242:Infinity":61,"s:246:20:246:Infinity":62,"s:247:22:247:Infinity":63,"s:248:18:248:Infinity":64,"s:249:4:249:Infinity":65,"f:252:8:252:42":17,"b:253:4:255:Infinity:undefined:undefined:undefined:undefined":21,"s:253:4:255:Infinity":66,"s:254:6:254:Infinity":67,"s:257:4:287:Infinity":68,"f:257:28:257:40":18,"s:258:27:258:Infinity":69,"b:259:6:262:Infinity:undefined:undefined:undefined:undefined":22,"s:259:6:262:Infinity":70,"s:260:8:260:Infinity":71,"s:261:8:261:Infinity":72,"s:264:6:286:Infinity":73,"s:265:25:269:Infinity":74,"b:271:8:274:Infinity:undefined:undefined:undefined:undefined":23,"s:271:8:274:Infinity":75,"s:272:10:272:Infinity":76,"s:273:10:273:Infinity":77,"s:276:24:276:Infinity":78,"s:277:8:277:Infinity":79,"s:278:8:278:Infinity":80,"s:279:8:279:Infinity":81,"s:281:8:281:Infinity":82,"s:282:8:282:Infinity":83,"s:283:8:283:Infinity":84,"s:285:8:285:Infinity":85,"s:289:4:289:Infinity":86,"f:292:8:292:58":19,"b:293:4:295:Infinity:undefined:undefined:undefined:undefined":24,"s:293:4:295:Infinity":87,"s:294:6:294:Infinity":88,"s:297:21:297:Infinity":89,"b:298:4:301:Infinity:undefined:undefined:undefined:undefined":25,"s:298:4:301:Infinity":90,"s:299:6:299:Infinity":91,"s:300:6:300:Infinity":92,"b:303:4:305:Infinity:undefined:undefined:undefined:undefined":26,"s:303:4:305:Infinity":93,"s:304:6:304:Infinity":94,"s:307:21:307:Infinity":95,"s:308:4:308:Infinity":96,"s:309:4:309:Infinity":97,"f:312:8:312:Infinity":20,"s:316:21:322:Infinity":98,"b:320:27:320:46:320:46:320:Infinity":27,"b:324:4:326:Infinity:undefined:undefined:undefined:undefined":28,"s:324:4:326:Infinity":99,"s:325:6:325:Infinity":100,"s:328:4:328:Infinity":101,"f:331:8:331:Infinity":21,"s:335:21:341:Infinity":102,"b:343:4:345:Infinity:undefined:undefined:undefined:undefined":29,"s:343:4:345:Infinity":103,"s:344:6:344:Infinity":104,"s:347:20:347:Infinity":105,"s:348:4:348:Infinity":106,"s:349:4:349:Infinity":107,"s:350:4:350:Infinity":108,"f:353:8:353:20":22,"s:354:21:357:Infinity":109,"b:359:4:361:Infinity:undefined:undefined:undefined:undefined":30,"s:359:4:361:Infinity":110,"s:360:6:360:Infinity":111,"s:363:21:363:Infinity":112,"b:364:4:366:Infinity:undefined:undefined:undefined:undefined":31,"s:364:4:366:Infinity":113,"s:365:6:365:Infinity":114,"b:367:4:369:Infinity:undefined:undefined:undefined:undefined":32,"s:367:4:369:Infinity":115,"s:368:6:368:Infinity":116,"s:370:4:370:Infinity":117,"s:374:27:374:Infinity":118}}}
,"/Users/morningstar/Documents/morningstar-credentials/src/services/bacipProtocol.ts": {"path":"/Users/morningstar/Documents/morningstar-credentials/src/services/bacipProtocol.ts","statementMap":{"0":{"start":{"line":13,"column":29},"end":{"line":13,"column":null}},"1":{"start":{"line":16,"column":26},"end":{"line":19,"column":null}},"2":{"start":{"line":22,"column":7},"end":{"line":22,"column":null}},"3":{"start":{"line":23,"column":2},"end":{"line":23,"column":null}},"4":{"start":{"line":24,"column":2},"end":{"line":24,"column":null}},"5":{"start":{"line":25,"column":2},"end":{"line":25,"column":null}},"6":{"start":{"line":26,"column":2},"end":{"line":26,"column":null}},"7":{"start":{"line":27,"column":2},"end":{"line":27,"column":null}},"8":{"start":{"line":22,"column":12},"end":{"line":22,"column":null}},"9":{"start":{"line":31,"column":7},"end":{"line":31,"column":null}},"10":{"start":{"line":32,"column":2},"end":{"line":32,"column":null}},"11":{"start":{"line":33,"column":2},"end":{"line":33,"column":null}},"12":{"start":{"line":34,"column":2},"end":{"line":34,"column":null}},"13":{"start":{"line":35,"column":2},"end":{"line":35,"column":null}},"14":{"start":{"line":31,"column":12},"end":{"line":31,"column":null}},"15":{"start":{"line":94,"column":25},"end":{"line":94,"column":null}},"16":{"start":{"line":95,"column":10},"end":{"line":95,"column":null}},"17":{"start":{"line":97,"column":45},"end":{"line":117,"column":null}},"18":{"start":{"line":120,"column":27},"end":{"line":120,"column":null}},"19":{"start":{"line":121,"column":4},"end":{"line":121,"column":null}},"20":{"start":{"line":123,"column":4},"end":{"line":123,"column":null}},"21":{"start":{"line":124,"column":4},"end":{"line":124,"column":null}},"22":{"start":{"line":135,"column":49},"end":{"line":147,"column":null}},"23":{"start":{"line":149,"column":29},"end":{"line":149,"column":null}},"24":{"start":{"line":150,"column":4},"end":{"line":150,"column":null}},"25":{"start":{"line":152,"column":4},"end":{"line":152,"column":null}},"26":{"start":{"line":159,"column":4},"end":{"line":173,"column":null}},"27":{"start":{"line":161,"column":6},"end":{"line":163,"column":null}},"28":{"start":{"line":162,"column":8},"end":{"line":162,"column":null}},"29":{"start":{"line":166,"column":51},"end":{"line":166,"column":null}},"30":{"start":{"line":167,"column":27},"end":{"line":167,"column":null}},"31":{"start":{"line":169,"column":6},"end":{"line":169,"column":null}},"32":{"start":{"line":171,"column":6},"end":{"line":171,"column":null}},"33":{"start":{"line":172,"column":6},"end":{"line":172,"column":null}},"34":{"start":{"line":183,"column":47},"end":{"line":183,"column":null}},"35":{"start":{"line":185,"column":4},"end":{"line":189,"column":null}},"36":{"start":{"line":186,"column":6},"end":{"line":188,"column":null}},"37":{"start":{"line":187,"column":8},"end":{"line":187,"column":null}},"38":{"start":{"line":191,"column":4},"end":{"line":197,"column":null}},"39":{"start":{"line":207,"column":16},"end":{"line":207,"column":null}},"40":{"start":{"line":208,"column":22},"end":{"line":208,"column":null}},"41":{"start":{"line":211,"column":22},"end":{"line":211,"column":null}},"42":{"start":{"line":212,"column":19},"end":{"line":214,"column":null}},"43":{"start":{"line":213,"column":16},"end":{"line":213,"column":47}},"44":{"start":{"line":216,"column":4},"end":{"line":216,"column":null}},"45":{"start":{"line":223,"column":4},"end":{"line":223,"column":null}}},"fnMap":{"0":{"name":"(anonymous_0)","decl":{"start":{"line":22,"column":7},"end":{"line":22,"column":12}},"loc":{"start":{"line":22,"column":7},"end":{"line":22,"column":null}},"line":22},"1":{"name":"(anonymous_1)","decl":{"start":{"line":31,"column":7},"end":{"line":31,"column":12}},"loc":{"start":{"line":31,"column":7},"end":{"line":31,"column":null}},"line":31},"2":{"name":"(anonymous_2)","decl":{"start":{"line":88,"column":15},"end":{"line":88,"column":null}},"loc":{"start":{"line":93,"column":35},"end":{"line":125,"column":null}},"line":93},"3":{"name":"(anonymous_3)","decl":{"start":{"line":130,"column":15},"end":{"line":130,"column":null}},"loc":{"start":{"line":134,"column":37},"end":{"line":153,"column":null}},"line":134},"4":{"name":"(anonymous_4)","decl":{"start":{"line":158,"column":15},"end":{"line":158,"column":32}},"loc":{"start":{"line":158,"column":84},"end":{"line":174,"column":null}},"line":158},"5":{"name":"(anonymous_5)","decl":{"start":{"line":179,"column":15},"end":{"line":179,"column":null}},"loc":{"start":{"line":182,"column":35},"end":{"line":198,"column":null}},"line":182},"6":{"name":"(anonymous_6)","decl":{"start":{"line":185,"column":29},"end":{"line":185,"column":38}},"loc":{"start":{"line":185,"column":38},"end":{"line":189,"column":5}},"line":185},"7":{"name":"(anonymous_7)","decl":{"start":{"line":203,"column":15},"end":{"line":203,"column":null}},"loc":{"start":{"line":206,"column":80},"end":{"line":217,"column":null}},"line":206},"8":{"name":"(anonymous_8)","decl":{"start":{"line":213,"column":11},"end":{"line":213,"column":16}},"loc":{"start":{"line":213,"column":16},"end":{"line":213,"column":47}},"line":213},"9":{"name":"(anonymous_9)","decl":{"start":{"line":222,"column":15},"end":{"line":222,"column":38}},"loc":{"start":{"line":222,"column":89},"end":{"line":224,"column":null}},"line":222}},"branchMap":{"0":{"loc":{"start":{"line":22,"column":12},"end":{"line":22,"column":null}},"type":"binary-expr","locations":[{"start":{"line":22,"column":12},"end":{"line":22,"column":null}},{"start":{"line":22,"column":12},"end":{"line":22,"column":null}}],"line":22},"1":{"loc":{"start":{"line":31,"column":12},"end":{"line":31,"column":null}},"type":"binary-expr","locations":[{"start":{"line":31,"column":12},"end":{"line":31,"column":null}},{"start":{"line":31,"column":12},"end":{"line":31,"column":null}}],"line":31},"2":{"loc":{"start":{"line":103,"column":14},"end":{"line":103,"column":null}},"type":"binary-expr","locations":[{"start":{"line":103,"column":14},"end":{"line":103,"column":53}},{"start":{"line":103,"column":53},"end":{"line":103,"column":null}}],"line":103},"3":{"loc":{"start":{"line":161,"column":6},"end":{"line":163,"column":null}},"type":"if","locations":[{"start":{"line":161,"column":6},"end":{"line":163,"column":null}},{"start":{},"end":{}}],"line":161},"4":{"loc":{"start":{"line":161,"column":10},"end":{"line":161,"column":56}},"type":"binary-expr","locations":[{"start":{"line":161,"column":10},"end":{"line":161,"column":37}},{"start":{"line":161,"column":37},"end":{"line":161,"column":56}}],"line":161},"5":{"loc":{"start":{"line":186,"column":6},"end":{"line":188,"column":null}},"type":"if","locations":[{"start":{"line":186,"column":6},"end":{"line":188,"column":null}},{"start":{},"end":{}}],"line":186}},"s":{"0":1,"1":1,"2":1,"3":1,"4":1,"5":1,"6":1,"7":1,"8":1,"9":1,"10":1,"11":1,"12":1,"13":1,"14":1,"15":12,"16":12,"17":12,"18":12,"19":12,"20":12,"21":12,"22":2,"23":2,"24":2,"25":2,"26":2,"27":2,"28":1,"29":1,"30":1,"31":1,"32":0,"33":0,"34":2,"35":2,"36":3,"37":3,"38":2,"39":1,"40":1,"41":1,"42":1,"43":32,"44":1,"45":4},"f":{"0":1,"1":1,"2":1,"3":1,"4":1,"5":1,"6":3,"7":1,"8":32,"9":1},"b":{"0":[1,1],"1":[1,1],"2":[12,0],"3":[1,1],"4":[2,1],"5":[3,0]},"meta":{"lastBranch":6,"lastFunction":10,"lastStatement":46,"seen":{"s:13:29:13:Infinity":0,"s:16:26:19:Infinity":1,"s:22:7:22:Infinity":2,"f:22:7:22:12":0,"s:23:2:23:Infinity":3,"s:24:2:24:Infinity":4,"s:25:2:25:Infinity":5,"s:26:2:26:Infinity":6,"s:27:2:27:Infinity":7,"s:22:12:22:Infinity":8,"b:22:12:22:Infinity:22:12:22:Infinity":0,"s:31:7:31:Infinity":9,"f:31:7:31:12":1,"s:32:2:32:Infinity":10,"s:33:2:33:Infinity":11,"s:34:2:34:Infinity":12,"s:35:2:35:Infinity":13,"s:31:12:31:Infinity":14,"b:31:12:31:Infinity:31:12:31:Infinity":1,"f:88:15:88:Infinity":2,"s:94:25:94:Infinity":15,"s:95:10:95:Infinity":16,"s:97:45:117:Infinity":17,"b:103:14:103:53:103:53:103:Infinity":2,"s:120:27:120:Infinity":18,"s:121:4:121:Infinity":19,"s:123:4:123:Infinity":20,"s:124:4:124:Infinity":21,"f:130:15:130:Infinity":3,"s:135:49:147:Infinity":22,"s:149:29:149:Infinity":23,"s:150:4:150:Infinity":24,"s:152:4:152:Infinity":25,"f:158:15:158:32":4,"s:159:4:173:Infinity":26,"b:161:6:163:Infinity:undefined:undefined:undefined:undefined":3,"s:161:6:163:Infinity":27,"b:161:10:161:37:161:37:161:56":4,"s:162:8:162:Infinity":28,"s:166:51:166:Infinity":29,"s:167:27:167:Infinity":30,"s:169:6:169:Infinity":31,"s:171:6:171:Infinity":32,"s:172:6:172:Infinity":33,"f:179:15:179:Infinity":5,"s:183:47:183:Infinity":34,"s:185:4:189:Infinity":35,"f:185:29:185:38":6,"b:186:6:188:Infinity:undefined:undefined:undefined:undefined":5,"s:186:6:188:Infinity":36,"s:187:8:187:Infinity":37,"s:191:4:197:Infinity":38,"f:203:15:203:Infinity":7,"s:207:16:207:Infinity":39,"s:208:22:208:Infinity":40,"s:211:22:211:Infinity":41,"s:212:19:214:Infinity":42,"f:213:11:213:16":8,"s:213:16:213:47":43,"s:216:4:216:Infinity":44,"f:222:15:222:38":9,"s:223:4:223:Infinity":45}}}
,"/Users/morningstar/Documents/morningstar-credentials/src/services/blockchainService.ts": {"path":"/Users/morningstar/Documents/morningstar-credentials/src/services/blockchainService.ts","statementMap":{"0":{"start":{"line":32,"column":28},"end":{"line":32,"column":null}},"1":{"start":{"line":35,"column":2},"end":{"line":35,"column":null}},"2":{"start":{"line":35,"column":43},"end":{"line":35,"column":null}},"3":{"start":{"line":36,"column":20},"end":{"line":36,"column":null}},"4":{"start":{"line":37,"column":2},"end":{"line":37,"column":null}},"5":{"start":{"line":37,"column":36},"end":{"line":37,"column":null}},"6":{"start":{"line":38,"column":21},"end":{"line":38,"column":null}},"7":{"start":{"line":39,"column":2},"end":{"line":39,"column":null}},"8":{"start":{"line":39,"column":37},"end":{"line":39,"column":null}},"9":{"start":{"line":40,"column":2},"end":{"line":40,"column":null}},"10":{"start":{"line":44,"column":15},"end":{"line":44,"column":null}},"11":{"start":{"line":45,"column":2},"end":{"line":45,"column":null}},"12":{"start":{"line":45,"column":13},"end":{"line":45,"column":null}},"13":{"start":{"line":46,"column":2},"end":{"line":46,"column":null}},"14":{"start":{"line":54,"column":26},"end":{"line":54,"column":null}},"15":{"start":{"line":55,"column":2},"end":{"line":60,"column":null}},"16":{"start":{"line":56,"column":4},"end":{"line":56,"column":null}},"17":{"start":{"line":56,"column":38},"end":{"line":56,"column":null}},"18":{"start":{"line":57,"column":4},"end":{"line":57,"column":null}},"19":{"start":{"line":58,"column":4},"end":{"line":58,"column":null}},"20":{"start":{"line":59,"column":4},"end":{"line":59,"column":null}},"21":{"start":{"line":62,"column":2},"end":{"line":62,"column":null}},"22":{"start":{"line":100,"column":2},"end":{"line":100,"column":null}},"23":{"start":{"line":101,"column":2},"end":{"line":101,"column":null}},"24":{"start":{"line":102,"column":2},"end":{"line":102,"column":null}},"25":{"start":{"line":103,"column":2},"end":{"line":103,"column":null}},"26":{"start":{"line":104,"column":2},"end":{"line":104,"column":null}},"27":{"start":{"line":108,"column":4},"end":{"line":108,"column":null}},"28":{"start":{"line":112,"column":4},"end":{"line":120,"column":null}},"29":{"start":{"line":127,"column":4},"end":{"line":127,"column":null}},"30":{"start":{"line":134,"column":4},"end":{"line":134,"column":null}},"31":{"start":{"line":147,"column":37},"end":{"line":168,"column":null}},"32":{"start":{"line":170,"column":4},"end":{"line":170,"column":null}},"33":{"start":{"line":173,"column":4},"end":{"line":185,"column":null}},"34":{"start":{"line":174,"column":6},"end":{"line":178,"column":null}},"35":{"start":{"line":180,"column":6},"end":{"line":184,"column":null}},"36":{"start":{"line":187,"column":4},"end":{"line":187,"column":null}},"37":{"start":{"line":194,"column":4},"end":{"line":196,"column":null}},"38":{"start":{"line":195,"column":6},"end":{"line":195,"column":null}},"39":{"start":{"line":198,"column":4},"end":{"line":200,"column":null}},"40":{"start":{"line":199,"column":6},"end":{"line":199,"column":null}},"41":{"start":{"line":203,"column":21},"end":{"line":205,"column":null}},"42":{"start":{"line":204,"column":36},"end":{"line":204,"column":69}},"43":{"start":{"line":206,"column":23},"end":{"line":206,"column":null}},"44":{"start":{"line":208,"column":25},"end":{"line":217,"column":null}},"45":{"start":{"line":219,"column":4},"end":{"line":219,"column":null}},"46":{"start":{"line":221,"column":4},"end":{"line":221,"column":null}},"47":{"start":{"line":222,"column":4},"end":{"line":222,"column":null}},"48":{"start":{"line":225,"column":4},"end":{"line":237,"column":null}},"49":{"start":{"line":226,"column":6},"end":{"line":230,"column":null}},"50":{"start":{"line":232,"column":6},"end":{"line":236,"column":null}},"51":{"start":{"line":239,"column":4},"end":{"line":239,"column":null}},"52":{"start":{"line":246,"column":4},"end":{"line":246,"column":null}},"53":{"start":{"line":246,"column":29},"end":{"line":246,"column":null}},"54":{"start":{"line":247,"column":4},"end":{"line":247,"column":null}},"55":{"start":{"line":247,"column":29},"end":{"line":24
[...]
":null}}],"line":179},"20":{"loc":{"start":{"line":179,"column":13},"end":{"line":180,"column":87}},"type":"binary-expr","locations":[{"start":{"line":179,"column":13},"end":{"line":179,"column":null}},{"start":{"line":180,"column":13},"end":{"line":180,"column":87}}],"line":179},"21":{"loc":{"start":{"line":188,"column":2},"end":{"line":197,"column":null}},"type":"if","locations":[{"start":{"line":188,"column":2},"end":{"line":197,"column":null}},{"start":{"line":191,"column":2},"end":{"line":197,"column":null}}],"line":188},"22":{"loc":{"start":{"line":188,"column":6},"end":{"line":188,"column":59}},"type":"binary-expr","locations":[{"start":{"line":188,"column":6},"end":{"line":188,"column":26}},{"start":{"line":188,"column":26},"end":{"line":188,"column":59}}],"line":188},"23":{"loc":{"start":{"line":191,"column":2},"end":{"line":197,"column":null}},"type":"if","locations":[{"start":{"line":191,"column":2},"end":{"line":197,"column":null}},{"start":{"line":194,"column":9},"end":{"line":197,"column":null}}],"line":191},"24":{"loc":{"start":{"line":195,"column":21},"end":{"line":195,"column":null}},"type":"binary-expr","locations":[{"start":{"line":195,"column":21},"end":{"line":195,"column":80}},{"start":{"line":195,"column":80},"end":{"line":195,"column":null}}],"line":195},"25":{"loc":{"start":{"line":200,"column":20},"end":{"line":200,"column":null}},"type":"cond-expr","locations":[{"start":{"line":200,"column":60},"end":{"line":200,"column":80}},{"start":{"line":200,"column":80},"end":{"line":200,"column":null}}],"line":200},"26":{"loc":{"start":{"line":201,"column":2},"end":{"line":206,"column":null}},"type":"if","locations":[{"start":{"line":201,"column":2},"end":{"line":206,"column":null}},{"start":{"line":204,"column":9},"end":{"line":206,"column":null}}],"line":201},"27":{"loc":{"start":{"line":209,"column":21},"end":{"line":209,"column":null}},"type":"binary-expr","locations":[{"start":{"line":209,"column":21},"end":{"line":209,"column":45}},{"start":{"line":209,"column":45},"end":{"line":209,"column":null}}],"line":209},"28":{"loc":{"start":{"line":210,"column":2},"end":{"line":224,"column":null}},"type":"if","locations":[{"start":{"line":210,"column":2},"end":{"line":224,"column":null}},{"start":{"line":213,"column":9},"end":{"line":224,"column":null}}],"line":210},"29":{"loc":{"start":{"line":217,"column":23},"end":{"line":217,"column":null}},"type":"binary-expr","locations":[{"start":{"line":217,"column":23},"end":{"line":217,"column":48}},{"start":{"line":217,"column":48},"end":{"line":217,"column":null}}],"line":217},"30":{"loc":{"start":{"line":218,"column":4},"end":{"line":223,"column":null}},"type":"if","locations":[{"start":{"line":218,"column":4},"end":{"line":223,"column":null}},{"start":{"line":221,"column":4},"end":{"line":223,"column":null}}],"line":218},"31":{"loc":{"start":{"line":218,"column":8},"end":{"line":218,"column":57}},"type":"binary-expr","locations":[{"start":{"line":218,"column":8},"end":{"line":218,"column":22}},{"start":{"line":218,"column":22},"end":{"line":218,"column":57}}],"line":218},"32":{"loc":{"start":{"line":221,"column":4},"end":{"line":223,"column":null}},"type":"if","locations":[{"start":{"line":221,"column":4},"end":{"line":223,"column":null}},{"start":{},"end":{}}],"line":221},"33":{"loc":{"start":{"line":227,"column":2},"end":{"line":232,"column":null}},"type":"if","locations":[{"start":{"line":227,"column":2},"end":{"line":232,"column":null}},{"start":{"line":230,"column":9},"end":{"line":232,"column":null}}],"line":227},"34":{"loc":{"start":{"line":246,"column":2},"end":{"line":250,"column":null}},"type":"if","locations":[{"start":{"line":246,"column":2},"end":{"line":250,"column":null}},{"start":{},"end":{}}],"line":246},"35":{"loc":{"start":{"line":252,"column":23},"end":{"line":252,"column":null}},"type":"cond-expr","locations":[{"start":{"line":252,"column":57},"end":{"line":252,"column":79}},{"start":{"line":252,"column":79},"end":{"line":252,"column":null}}],"line":252},"36":{"loc":{"start":{"line":255,"column":2},"end":{"line":259,"column":null}},"type":"if","locations":[{"start":{"line":255,"column":2},"end":{"line":259,"column":null}},{"start":{},"end":{}}],"line":255},"37":{"loc":{"start":{"line":263,"column":2},"end":{"line":267,"column":null}},"type":"if","locations":[{"start":{"line":263,"column":2},"end":{"line":267,"column":null}},{"start":{},"end":{}}],"line":263},"38":{"loc":{"start":{"line":273,"column":2},"end":{"line":286,"column":null}},"type":"if","locations":[{"start":{"line":273,"column":2},"end":{"line":286,"column":null}},{"start":{},"end":{}}],"line":273},"39":{"loc":{"start":{"line":273,"column":6},"end":{"line":273,"column":37}},"type":"binary-expr","locations":[{"start":{"line":273,"column":6},"end":{"line":273,"column":14}},{"start":{"line":273,"column":14},"end":{"line":273,"column":37}}],"line":273},"40":{"loc":{"start":{"line":279,"column":6},"end":{"line":282,"column":null}},"type":"if","locations":[{"start":{"line":279,"column":6},"end":{"line":282,"column":null}},{"start":{},"end":{}}],"line":279},"41":{"loc":{"start":{"line":290,"column":2},"end":{"line":312,"column":null}},"type":"if","locations":[{"start":{"line":290,"column":2},"end":{"line":312,"column":null}},{"start":{"line":297,"column":2},"end":{"line":312,"column":null}}],"line":290},"42":{"loc":{"start":{"line":290,"column":6},"end":{"line":290,"column":55}},"type":"binary-expr","locations":[{"start":{"line":290,"column":6},"end":{"line":290,"column":12}},{"start":{"line":290,"column":12},"end":{"line":290,"column":37}},{"start":{"line":290,"column":37},"end":{"line":290,"column":55}}],"line":290},"43":{"loc":{"start":{"line":297,"column":2},"end":{"line":312,"column":null}},"type":"if","locations":[{"start":{"line":297,"column":2},"end":{"line":312,"column":null}},{"start":{"line":304,"column":9},"end":{"line":312,"column":null}}],"line":297},"44":{"loc":{"start":{"line":297,"column":13},"end":{"line":297,"column":44}},"type":"binary-expr","locations":[{"start":{"line":297,"column":13},"end":{"line":297,"column":33}},{"start":{"line":297,"column":33},"end":{"line":297,"column":44}}],"line":297},"45":{"loc":{"start":{"line":326,"column":2},"end":{"line":329,"column":null}},"type":"if","locations":[{"start":{"line":326,"column":2},"end":{"line":329,"column":null}},{"start":{},"end":{}}],"line":326},"46":{"loc":{"start":{"line":333,"column":2},"end":{"line":355,"column":null}},"type":"if","locations":[{"start":{"line":333,"column":2},"end":{"line":355,"column":null}},{"start":{"line":353,"column":9},"end":{"line":355,"column":null}}],"line":333},"47":{"loc":{"start":{"line":338,"column":6},"end":{"line":348,"column":null}},"type":"if","locations":[{"start":{"line":338,"column":6},"end":{"line":348,"column":null}},{"start":{"line":341,"column":13},"end":{"line":348,"column":null}}],"line":338},"48":{"loc":{"start":{"line":338,"column":10},"end":{"line":338,"column":37}},"type":"binary-expr","locations":[{"start":{"line":338,"column":10},"end":{"line":338,"column":26}},{"start":{"line":338,"column":26},"end":{"line":338,"column":37}}],"line":338},"49":{"loc":{"start":{"line":369,"column":20},"end":{"line":369,"column":null}},"type":"cond-expr","locations":[{"start":{"line":369,"column":60},"end":{"line":369,"column":80}},{"start":{"line":369,"column":80},"end":{"line":369,"column":null}}],"line":369},"50":{"loc":{"start":{"line":373,"column":2},"end":{"line":389,"column":null}},"type":"if","locations":[{"start":{"line":373,"column":2},"end":{"line":389,"column":null}},{"start":{"line":381,"column":9},"end":{"line":389,"column":null}}],"line":373},"51":{"loc":{"start":{"line":378,"column":33},"end":{"line":378,"column":62}},"type":"binary-expr","locations":[{"start":{"line":378,"column":33},"end":{"line":378,"column":53}},{"start":{"line":378,"column":53},"end":{"line":378,"column":62}}],"line":378},"52":{"loc":{"start":{"line":393,"column":2},"end":{"line":419,"column":null}},"type":"if","locations":[{"start":{"line":393,"column":2},"end":{"line":419,"column":null}},{"start":{"line":411,"column":9},"end":{"line":419,"column":null}}],"line":393},"53":{"loc":{"start":{"line":402,"column":4},"end":{"line":410,"column":null}},"type":"if","locations":[{"start":{"line":402,"column":4},"end":{"line":410,"column":null}},{"start":{},"end":{}}],"line":402},"54":{"loc":{"start":{"line":415,"column":33},"end":{"line":415,"column":90}},"type":"binary-expr","locations":[{"start":{"line":415,"column":33},"end":{"line":415,"column":75}},{"start":{"line":415,"column":75},"end":{"line":415,"column":90}}],"line":415},"55":{"loc":{"start":{"line":433,"column":2},"end":{"line":436,"column":null}},"type":"if","locations":[{"start":{"line":433,"column":2},"end":{"line":436,"column":null}},{"start":{},"end":{}}],"line":433},"56":{"loc":{"start":{"line":438,"column":20},"end":{"line":440,"column":null}},"type":"cond-expr","locations":[{"start":{"line":439,"column":6},"end":{"line":439,"column":null}},{"start":{"line":440,"column":6},"end":{"line":440,"column":null}}],"line":438},"57":{"loc":{"start":{"line":443,"column":2},"end":{"line":447,"column":null}},"type":"if","locations":[{"start":{"line":443,"column":2},"end":{"line":447,"column":null}},{"start":{},"end":{}}],"line":443},"58":{"loc":{"start":{"line":449,"column":18},"end":{"line":451,"column":null}},"type":"cond-expr","locations":[{"start":{"line":450,"column":6},"end":{"line":450,"column":null}},{"start":{"line":451,"column":6},"end":{"line":451,"column":null}}],"line":449},"59":{"loc":{"start":{"line":454,"column":2},"end":{"line":464,"column":null}},"type":"if","locations":[{"start":{"line":454,"column":2},"end":{"line":464,"column":null}},{"start":{"line":456,"column":9},"end":{"line":464,"column":null}}],"line":454}},"s":{"0":0,"1":0,"2":0,"3":0,"4":0,"5":0,"6":0,"7":0,"8":0,"9":0,"10":0,"11":0,"12":0,"13":0,"14":0,"15":0,"16":0,"17":0,"18":0,"19":0,"20":0,"21":0,"22":0,"23":0,"24":0,"25":0,"26":0,"27":0,"28":0,"29":0,"30":0,"31":0,"32":0,"33":0,"34":0,"35":0,"36":0,"37":0,"38":0,"39":0,"40":0,"41":0,"42":0,"43":0,"44":0,"45":0,"46":0,"47":0,"48":0,"49":0,"50":0,"51":0,"52":0,"53":0,"54":0,"55":0,"56":0,"57":0,"58":0,"59":0,"60":0,"61":0,"62":0,"63":0,"64":0,"65":0,"66":0,"67":0,"68":0,"69":0,"70":0,"71":0,"72":0,"73":0,"74":0,"75":0,"76":0,"77":0,"78":0,"79":0,"80":0,"81":0,"82":0,"83":0,"84":0,"85":0,"86":0,"87":0,"88":0,"89":0,"90":0,"91":0,"92":0,"93":0,"94":0,"95":0,"96":0,"97":0,"98":0,"99":0,"100":0,"101":0,"102":0,"103":0,"104":0,"105":0,"106":0,"107":0,"108":0,"109":0,"110":0,"111":0,"112":0,"113":0,"114":0,"115":0,"116":0,"117":0,"118":0,"119":0,"120":0,"121":0,"122":0,"123":0,"124":0,"125":0,"126":0,"127":0,"128":0,"129":0,"130":0,"131":0,"132":0,"133":0,"134":0,"135":0,"136":0,"137":0,"138":0,"139":0,"140":0,"141":0,"142":0,"143":0,"144":0,"145":0,"146":0,"147":0,"148":0,"149":0,"150":0,"151":0,"152":0,"153":0,"154":0,"155":0,"156":0,"157":0,"158":0,"159":0,"160":0,"161":0,"162":0,"163":0,"164":0,"165":0,"166":0,"167":0,"168":0,"169":0,"170":0,"171":0,"172":0,"173":0,"174":0,"175":0,"176":0,"177":0,"178":0,"179":0,"180":0,"181":0,"182":0,"183":0,"184":0,"185":0,"186":0,"187":0,"188":0,"189":0},"f":{"0":0,"1":0,"2":0,"3":0,"4":0,"5":0,"6":0,"7":0,"8":0,"9":0,"10":0},"b":{"0":[0,0],"1":[0,0],"2":[0,0],"3":[0,0],"4":[0,0],"5":[0,0],"6":[0,0],"7":[0,0],"8":[0,0],"9":[0,0],"10":[0,0],"11":[0,0],"12":[0,0],"13":[0,0],"14":[0,0],"15":[0,0],"16":[0,0],"17":[0,0],"18":[0,0,0],"19":[0,0],"20":[0,0],"21":[0,0],"22":[0,0],"23":[0,0],"24":[0,0],"25":[0,0],"26":[0,0],"27":[0,0],"28":[0,0],"29":[0,0],"30":[0,0],"31":[0,0],"32":[0,0],"33":[0,0],"34":[0,0],"35":[0,0],"36":[0,0],"37":[0,0],"38":[0,0],"39":[0,0],"40":[0,0],"41":[0,0],"42":[0,0,0],"43":[0,0],"44":[0,0],"45":[0,0],"46":[0,0],"47":[0,0],"48":[0,0],"49":[0,0],"50":[0,0],"51":[0,0],"52":[0,0],"53":[0,0],"54":[0,0],"55":[0,0],"56":[0,0],"57":[0,0],"58":[0,0],"59":[0,0]},"meta":{"lastBranch":60,"lastFunction":11,"lastStatement":190,"seen":{"f:35:22:35:Infinity":0,"s:38:41:38:Infinity":0,"s:39:27:39:Infinity":1,"s:40:29:40:Infinity":2,"s:43:27:43:Infinity":3,"s:44:2:44:Infinity":4,"s:45:2:45:Infinity":5,"s:46:2:46:Infinity":6,"s:49:23:49:Infinity":7,"s:50:2:50:Infinity":8,"s:51:2:51:Infinity":9,"s:52:2:52:Infinity":10,"s:55:23:55:Infinity":11,"s:56:2:56:Infinity":12,"s:57:2:57:Infinity":13,"s:58:2:58:Infinity":14,"s:61:22:61:Infinity":15,"s:62:2:62:Infinity":16,"s:63:2:63:Infinity":17,"s:64:2:64:Infinity":18,"s:67:23:67:Infinity":19,"s:68:2:68:Infinity":20,"s:69:2:69:Infinity":21,"s:70:2:70:Infinity":22,"s:73:16:73:Infinity":23,"f:73:29:73:34":1,"s:73:34:73:53":24,"s:76:20:76:Infinity":25,"b:76:60:76:80:76:80:76:Infinity":0,"s:77:18:79:Infinity":26,"b:78:6:78:Infinity:79:6:79:Infinity":1,"s:81:2:91:Infinity":27,"f:86:41:86:46":2,"s:86:46:86:74":28,"b:88:8:88:Infinity:89:8:89:Infinity":2,"b:87:16:87:57:87:57:87:Infinity":3,"f:97:22:97:Infinity":3,"s:100:41:100:Infinity":29,"s:101:27:101:Infinity":30,"s:102:29:102:Infinity":31,"b:105:2:110:Infinity:108:9:110:Infinity":4,"s:105:2:110:Infinity":32,"b:105:6:105:35:105:35:105:77":5,"s:106:4:106:Infinity":33,"s:107:4:107:Infinity":34,"s:109:4:109:Infinity":35,"b:112:2:117:Infinity:115:9:117:Infinity":6,"s:112:2:117:Infinity":36,"s:113:4:113:Infinity":37,"s:114:4:114:Infinity":38,"s:116:4:116:Infinity":39,"b:119:2:124:Infinity:122:9:124:Infinity":7,"s:119:2:124:Infinity":40,"s:120:4:120:Infinity":41,"s:121:4:121:Infinity":42,"s:123:4:123:Infinity":43,"s:127:45:127:Infinity":44,"s:128:2:145:Infinity":45,"b:129:4:144:Infinity:132:11:144:Infinity":8,"s:129:4:144:Infinity":46,"s:131:6:131:Infinity":47,"s:133:23:133:Infinity":48,"s:134:6:134:Infinity":49,"s:135:6:140:Infinity":50,"b:136:20:136:29:136:29:136:38":9,"b:137:33:137:42:137:42:137:Infinity":10,"b:138:33:138:63:138:63:138:Infinity":11,"b:141:6:143:Infinity:undefined:undefined:undefined:undefined":12,"s:141:6:143:Infinity":51,"s:142:8:142:Infinity":52,"b:148:2:159:Infinity:156:9:159:Infinity":13,"s:148:2:159:Infinity":53,"s:149:18:149:Infinity":54,"b:149:54:149:78:149:78:149:Infinity":14,"s:150:4:155:Infinity":55,"b:152:33:152:42:152:42:152:Infinity":15,"b:153:33:153:64:153:64:153:Infinity":16,"s:157:4:157:Infinity":56,"s:158:4:158:Infinity":57,"s:161:16:161:Infinity":58,"f:161:29:161:34":4,"s:161:34:161:53":59,"s:163:2:163:Infinity":60,"f:170:9:170:25":5,"s:171:41:171:Infinity":61,"s:172:27:172:Infinity":62,"s:173:29:173:Infinity":63,"b:176:2:185:Infinity:179:2:185:Infinity":17,"s:176:2:185:Infinity":64,"b:176:6:176:33:176:33:176:75:176:75:176:112":18,"s:177:4:177:Infinity":65,"s:178:4:178:Infinity":66,"b:179:2:185:Infinity:183:9:185:Infinity":19,"s:179:2:185:Infinity":67,"b:179:13:179:Infinity:180:13:180:87":20,"s:181:4:181:Infinity":68,"s:182:4:182:Infinity":69,"s:184:4:184:Infinity":70,"b:188:2:197:Infinity:191:2:197:Infinity":21,"s:188:2:197:Infinity":71,"b:188:6:188:26:188:26:188:59":22,"s:189:4:189:Infinity":72,"s:190:4:190:Infinity":73,"b:191:2:197:Infinity:194:9:197:Infinity":23,"s:191:2:197:Infinity":74,"s:192:4:192:Infinity":75,"s:193:4:193:Infinity":76,"s:195:21:195:Infinity":77,"b:195:21:195:80:195:80:195:Infinity":24,"f:195:42:195:47":6,"s:195:47:195:75":78,"s:196:4:196:Infinity":79,"s:200:20:200:Infinity":80,"b:200:60:200:80:200:80:200:Infinity":25,"b:201:2:206:Infinity:204:9:206:Infinity":26,"s:201:2:206:Infinity":81,"s:202:4:202:Infinity":82,"s:203:4:203:Infinity":83,"s:205:4:205:Infinity":84,"s:209:21:209:Infinity":85,"b:209:21:209:45:209:45:209:Infinity":27,"b:210:2:224:Infinity:213:9:224:Infinity":28,"s:210:2:224:Infinity":86,"s:211:4:211:Infinity":87,"s:212:4:212:Infinity":88,"s:214:4:214:Infinity":89,"s:217:23:217:Infinity":90,"b:217:23:217:48:217:48:217:Infinity":29,"b:218:4:223:Infinity:221:4:223:Infinity":30,"s:218:4:223:Infinity":91,"b:218:8:218:22:218:22:218:57":31,"s:219:6:219:Infinity":92,"s:220:6:220:Infinity":93,"b:221:4:223:Infinity:undefined:undefined:undefined:undefined":32,"s:221:4:223:Infinity":94,"s:222:6:222:Infinity":95,"b:227:2:232:Infinity:230:9:232:Infinity":33,"s:227:2:232:Infinity":96,"s:228:4:228:Infinity":97,"s:229:4:229:Infinity":98,"s:231:4:231:Infinity":99,"s:234:2:234:Infinity":100,"f:241:15:241:40":7,"s:242:41:242:Infinity":101,"s:243:27:243:Infinity":102,"s:244:29:244:Infinity":103,"b:246:2:250:Infinity:undefined:undefined:undefined:undefined":34,"s:246:2:250:Infinity":104,"s:247:4:247:Infinity":105,"s:248:4:248:Infinity":106,"s:249:4:249:Infinity":107,"s:252:23:252:Infinity":108,"b:252:57:252:79:252:79:252:Infinity":35,"b:255:2:259:Infinity:undefined:undefined:undefined:undefined":36,"s:255:2:259:Infinity":109,"s:256:4:256:Infinity":110,"s:257:4:257:Infinity":111,"s:258:4:258:Infinity":112,"s:261:2:261:Infinity":113,"b:263:2:267:Infinity:undefined:undefined:undefined:undefined":37,"s:263:2:267:Infinity":114,"s:264:4:264:Infinity":115,"s:265:4:265:Infinity":116,"s:266:4:266:Infinity":117,"s:269:2:269:Infinity":118,"s:272:8:272:Infinity":119,"b:273:2:286:Infinity:undefined:undefined:undefined:undefined":38,"s:273:2:286:Infinity":120,"b:273:6:273:14:273:14:273:37":39,"s:274:4:285:Infinity":121,"s:275:21:278:Infinity":122,"b:279:6:282:Infinity:undefined:undefined:undefined:undefined":40,"s:279:6:282:Infinity":123,"s:280:8:280:Infinity":124,"s:281:8:281:Infinity":125,"s:289:13:289:Infinity":126,"b:290:2:312:Infinity:297:2:312:Infinity":41,"s:290:2:312:Infinity":127,"b:290:6:290:12:290:12:290:37:290:37:290:55":42,"s:291:4:296:Infinity":128,"b:297:2:312:Infinity:304:9:312:Infinity":43,"s:297:2:312:Infinity":129,"b:297:13:297:33:297:33:297:44":44,"s:298:4:303:Infinity":130,"s:305:4:310:Infinity":131,"s:311:4:311:Infinity":132,"s:314:2:314:Infinity":133,"f:321:9:321:22":8,"s:322:41:322:Infinity":134,"s:323:27:323:Infinity":135,"s:324:29:324:Infinity":136,"b:326:2:329:Infinity:undefined:undefined:undefined:undefined":45,"s:326:2:329:Infinity":137,"s:327:4:327:Infinity":138,"s:328:4:328:Infinity":139,"s:331:17:331:Infinity":140,"b:333:2:355:Infinity:353:9:355:Infinity":46,"s:333:2:355:Infinity":141,"s:335:4:352:Infinity":142,"s:337:20:337:Infinity":143,"b:338:6:348:Infinity:341:13:348:Infinity":47,"s:338:6:348:Infinity":144,"b:338:10:338:26:338:26:338:37":48,"s:339:8:339:Infinity":145,"s:340:8:340:Infinity":146,"s:342:8:347:Infinity":147,"s:350:6:350:Infinity":148,"s:351:6:351:Infinity":149,"s:354:4:354:Infinity":150,"s:357:2:357:Infinity":151,"f:364:15:364:33":9,"s:365:41:365:Infinity":152,"s:366:27:366:Infinity":153,"s:367:29:367:Infinity":154,"s:369:20:369:Infinity":155,"b:369:60:369:80:369:80:369:Infinity":49,"s:372:20:372:Infinity":156,"b:373:2:389:Infinity:381:9:389:Infinity":50,"s:373:2:389:Infinity":157,"s:374:23:374:Infinity":158,"s:375:4:380:Infinity":159,"b:378:33:378:53:378:53:378:62":51,"s:382:4:387:Infinity":160,"s:388:4:388:Infinity":161,"s:392:21:392:Infinity":162,"b:393:2:419:Infinity:411:9:419:Infinity":52,"s:393:2:419:Infinity":163,"s:394:4:399:Infinity":164,"b:402:4:410:Infinity:undefined:undefined:undefined:undefined":53,"s:402:4:410:Infinity":165,"s:403:6:408:Infinity":166,"s:409:6:409:Infinity":167,"s:412:4:417:Infinity":168,"b:415:33:415:75:415:75:415:90":54,"s:418:4:418:Infinity":169,"s:421:2:421:Infinity":170,"f:428:9:428:22":10,"s:429:41:429:Infinity":171,"s:430:27:430:Infinity":172,"s:431:29:431:Infinity":173,"b:433:2:436:Infinity:undefined:undefined:undefined:undefined":55,"s:433:2:436:Infinity":174,"s:434:4:434:Infinity":175,"s:435:4:435:Infinity":176,"s:438:20:440:Infinity":177,"b:439:6:439:Infinity:440:6:440:Infinity":56,"s:442:17:442:Infinity":178,"b:443:2:447:Infinity:undefined:undefined:undefined:undefined":57,"s:443:2:447:Infinity":179,"s:444:4:444:Infinity":180,"s:445:4:445:Infinity":181,"s:446:4:446:Infinity":182,"s:449:18:451:Infinity":183,"b:450:6:450:Infinity:451:6:451:Infinity":58,"s:453:21:453:Infinity":184,"b:454:2:464:Infinity:456:9:464:Infinity":59,"s:454:2:464:Infinity":185,"s:455:4:455:Infinity":186,"s:457:4:462:Infinity":187,"s:463:4:463:Infinity":188,"s:466:2:466:Infinity":189}}}
}
